{"/home/travis/build/npmtest/node-npmtest-bson/test.js":{"path":"/home/travis/build/npmtest/node-npmtest-bson/test.js","s":{"1":2,"2":2,"3":2,"4":2,"5":2,"6":2,"7":2,"8":1,"9":2,"10":2,"11":1,"12":1,"13":1,"14":1,"15":2,"16":2,"17":2,"18":2,"19":1,"20":1,"21":2,"22":2,"23":2,"24":1,"25":1,"26":1,"27":1,"28":1,"29":1,"30":1,"31":1,"32":1,"33":1,"34":1,"35":1,"36":1,"37":1,"38":1,"39":2,"40":2,"41":1,"42":2,"43":2,"44":1,"45":2,"46":2,"47":1,"48":2,"49":2,"50":1,"51":1,"52":1,"53":1,"54":1},"b":{"1":[2,1,1,1],"2":[1,1,1,1],"3":[1,1],"4":[1,1],"5":[1,1],"6":[1,1],"7":[1,1],"8":[1,1],"9":[1,1],"10":[1,1,1],"11":[1,1],"12":[1,1],"13":[1,1],"14":[1,1],"15":[1,1],"16":[1,1],"17":[1,1]},"f":{"1":2,"2":2,"3":2,"4":2,"5":2,"6":1,"7":1,"8":1,"9":2,"10":2,"11":2,"12":2,"13":1},"fnMap":{"1":{"name":"(anonymous_1)","line":12,"loc":{"start":{"line":12,"column":1},"end":{"line":12,"column":13}}},"2":{"name":"(anonymous_2)","line":19,"loc":{"start":{"line":19,"column":5},"end":{"line":19,"column":17}}},"3":{"name":"(anonymous_3)","line":23,"loc":{"start":{"line":23,"column":24},"end":{"line":23,"column":36}}},"4":{"name":"(anonymous_4)","line":61,"loc":{"start":{"line":61,"column":5},"end":{"line":61,"column":17}}},"5":{"name":"(anonymous_5)","line":82,"loc":{"start":{"line":82,"column":5},"end":{"line":82,"column":17}}},"6":{"name":"(anonymous_6)","line":91,"loc":{"start":{"line":91,"column":77},"end":{"line":94,"column":10}}},"7":{"name":"(anonymous_7)","line":112,"loc":{"start":{"line":112,"column":83},"end":{"line":115,"column":10}},"skip":true},"8":{"name":"(anonymous_8)","line":123,"loc":{"start":{"line":123,"column":77},"end":{"line":126,"column":10}},"skip":true},"9":{"name":"(anonymous_9)","line":139,"loc":{"start":{"line":139,"column":12},"end":{"line":139,"column":40}},"skip":true},"10":{"name":"(anonymous_10)","line":147,"loc":{"start":{"line":147,"column":77},"end":{"line":150,"column":10}},"skip":true},"11":{"name":"(anonymous_11)","line":158,"loc":{"start":{"line":158,"column":83},"end":{"line":161,"column":10}},"skip":true},"12":{"name":"(anonymous_12)","line":169,"loc":{"start":{"line":169,"column":79},"end":{"line":172,"column":10}},"skip":true},"13":{"name":"(anonymous_13)","line":180,"loc":{"start":{"line":180,"column":75},"end":{"line":183,"column":10}},"skip":true}},"statementMap":{"1":{"start":{"line":12,"column":0},"end":{"line":195,"column":5}},"2":{"start":{"line":14,"column":4},"end":{"line":14,"column":14}},"3":{"start":{"line":19,"column":4},"end":{"line":56,"column":9}},"4":{"start":{"line":21,"column":8},"end":{"line":21,"column":19}},"5":{"start":{"line":23,"column":8},"end":{"line":35,"column":13}},"6":{"start":{"line":24,"column":12},"end":{"line":34,"column":13}},"7":{"start":{"line":25,"column":16},"end":{"line":28,"column":30}},"8":{"start":{"line":30,"column":16},"end":{"line":33,"column":27}},"9":{"start":{"line":37,"column":8},"end":{"line":39,"column":21}},"10":{"start":{"line":40,"column":8},"end":{"line":53,"column":9}},"11":{"start":{"line":43,"column":12},"end":{"line":46,"column":14}},"12":{"start":{"line":47,"column":12},"end":{"line":47,"column":18}},"13":{"start":{"line":50,"column":12},"end":{"line":51,"column":33}},"14":{"start":{"line":52,"column":12},"end":{"line":52,"column":18}},"15":{"start":{"line":55,"column":8},"end":{"line":55,"column":35}},"16":{"start":{"line":61,"column":4},"end":{"line":63,"column":9}},"17":{"start":{"line":62,"column":8},"end":{"line":62,"column":15}},"18":{"start":{"line":64,"column":4},"end":{"line":77,"column":5}},"19":{"start":{"line":70,"column":8},"end":{"line":70,"column":14}},"20":{"start":{"line":76,"column":8},"end":{"line":76,"column":14}},"21":{"start":{"line":82,"column":4},"end":{"line":84,"column":9}},"22":{"start":{"line":83,"column":8},"end":{"line":83,"column":15}},"23":{"start":{"line":85,"column":4},"end":{"line":194,"column":5}},"24":{"start":{"line":91,"column":8},"end":{"line":99,"column":10}},"25":{"start":{"line":98,"column":12},"end":{"line":98,"column":35}},"26":{"start":{"line":102,"column":8},"end":{"line":104,"column":63}},"27":{"start":{"line":105,"column":8},"end":{"line":105,"column":14}},"28":{"start":{"line":112,"column":8},"end":{"line":121,"column":10},"skip":true},"29":{"start":{"line":119,"column":12},"end":{"line":119,"column":55},"skip":true},"30":{"start":{"line":120,"column":12},"end":{"line":120,"column":48},"skip":true},"31":{"start":{"line":123,"column":8},"end":{"line":136,"column":10},"skip":true},"32":{"start":{"line":130,"column":12},"end":{"line":130,"column":76},"skip":true},"33":{"start":{"line":131,"column":12},"end":{"line":131,"column":73},"skip":true},"34":{"start":{"line":132,"column":12},"end":{"line":132,"column":74},"skip":true},"35":{"start":{"line":133,"column":12},"end":{"line":133,"column":79},"skip":true},"36":{"start":{"line":134,"column":12},"end":{"line":134,"column":25},"skip":true},"37":{"start":{"line":135,"column":12},"end":{"line":135,"column":45},"skip":true},"38":{"start":{"line":138,"column":8},"end":{"line":145,"column":14},"skip":true},"39":{"start":{"line":143,"column":16},"end":{"line":143,"column":29},"skip":true},"40":{"start":{"line":144,"column":16},"end":{"line":144,"column":55},"skip":true},"41":{"start":{"line":147,"column":8},"end":{"line":156,"column":10},"skip":true},"42":{"start":{"line":154,"column":12},"end":{"line":154,"column":25},"skip":true},"43":{"start":{"line":155,"column":12},"end":{"line":155,"column":45},"skip":true},"44":{"start":{"line":158,"column":8},"end":{"line":167,"column":10},"skip":true},"45":{"start":{"line":165,"column":12},"end":{"line":165,"column":25},"skip":true},"46":{"start":{"line":166,"column":12},"end":{"line":166,"column":48},"skip":true},"47":{"start":{"line":169,"column":8},"end":{"line":178,"column":10},"skip":true},"48":{"start":{"line":176,"column":12},"end":{"line":176,"column":25},"skip":true},"49":{"start":{"line":177,"column":12},"end":{"line":177,"column":46},"skip":true},"50":{"start":{"line":180,"column":8},"end":{"line":189,"column":10},"skip":true},"51":{"start":{"line":187,"column":12},"end":{"line":187,"column":94},"skip":true},"52":{"start":{"line":188,"column":12},"end":{"line":188,"column":48},"skip":true},"53":{"start":{"line":192,"column":8},"end":{"line":192,"column":35},"skip":true},"54":{"start":{"line":193,"column":8},"end":{"line":193,"column":14},"skip":true}},"branchMap":{"1":{"line":25,"type":"binary-expr","locations":[{"start":{"line":25,"column":23},"end":{"line":25,"column":62}},{"start":{"line":26,"column":20},"end":{"line":26,"column":70}},{"start":{"line":27,"column":20},"end":{"line":27,"column":71}},{"start":{"line":28,"column":20},"end":{"line":28,"column":29}}]},"2":{"line":30,"type":"binary-expr","locations":[{"start":{"line":30,"column":23},"end":{"line":30,"column":37}},{"start":{"line":31,"column":20},"end":{"line":31,"column":61}},{"start":{"line":32,"column":20},"end":{"line":32,"column":70}},{"start":{"line":33,"column":20},"end":{"line":33,"column":26}}]},"3":{"line":37,"type":"cond-expr","locations":[{"start":{"line":38,"column":14},"end":{"line":38,"column":20}},{"start":{"line":39,"column":14},"end":{"line":39,"column":20}}]},"4":{"line":40,"type":"switch","locations":[{"start":{"line":42,"column":8},"end":{"line":47,"column":18}},{"start":{"line":49,"column":8},"end":{"line":52,"column":18}}]},"5":{"line":44,"type":"binary-expr","locations":[{"start":{"line":44,"column":16},"end":{"line":44,"column":44}},{"start":{"line":44,"column":48},"end":{"line":44,"column":66}}]},"6":{"line":50,"type":"binary-expr","locations":[{"start":{"line":50,"column":21},"end":{"line":50,"column":49}},{"start":{"line":50,"column":53},"end":{"line":50,"column":72}}]},"7":{"line":64,"type":"switch","locations":[{"start":{"line":69,"column":4},"end":{"line":70,"column":14}},{"start":{"line":75,"column":4},"end":{"line":76,"column":14}}]},"8":{"line":85,"type":"switch","locations":[{"start":{"line":90,"column":4},"end":{"line":105,"column":14}},{"start":{"line":111,"column":4},"end":{"line":193,"column":14},"skip":true}]},"9":{"line":91,"type":"binary-expr","locations":[{"start":{"line":91,"column":42},"end":{"line":91,"column":73}},{"start":{"line":91,"column":77},"end":{"line":99,"column":9}}]},"10":{"line":102,"type":"binary-expr","locations":[{"start":{"line":102,"column":18},"end":{"line":102,"column":32}},{"start":{"line":103,"column":12},"end":{"line":103,"column":53}},{"start":{"line":104,"column":12},"end":{"line":104,"column":61}}]},"11":{"line":112,"type":"binary-expr","locations":[{"start":{"line":112,"column":45},"end":{"line":112,"column":79},"skip":true},{"start":{"line":112,"column":83},"end":{"line":121,"column":9},"skip":true}]},"12":{"line":123,"type":"binary-expr","locations":[{"start":{"line":123,"column":42},"end":{"line":123,"column":73},"skip":true},{"start":{"line":123,"column":77},"end":{"line":136,"column":9},"skip":true}]},"13":{"line":138,"type":"binary-expr","locations":[{"start":{"line":138,"column":48},"end":{"line":138,"column":85},"skip":true},{"start":{"line":139,"column":12},"end":{"line":145,"column":13},"skip":true}]},"14":{"line":147,"type":"binary-expr","locations":[{"start":{"line":147,"column":42},"end":{"line":147,"column":73},"skip":true},{"start":{"line":147,"column":77},"end":{"line":156,"column":9},"skip":true}]},"15":{"line":158,"type":"binary-expr","locations":[{"start":{"line":158,"column":45},"end":{"line":158,"column":79},"skip":true},{"start":{"line":158,"column":83},"end":{"line":167,"column":9},"skip":true}]},"16":{"line":169,"type":"binary-expr","locations":[{"start":{"line":169,"column":43},"end":{"line":169,"column":75},"skip":true},{"start":{"line":169,"column":79},"end":{"line":178,"column":9},"skip":true}]},"17":{"line":180,"type":"binary-expr","locations":[{"start":{"line":180,"column":41},"end":{"line":180,"column":71},"skip":true},{"start":{"line":180,"column":75},"end":{"line":189,"column":9},"skip":true}]}},"code":["/* istanbul instrument in package npmtest_bson */","/*jslint","    bitwise: true,","    browser: true,","    maxerr: 8,","    maxlen: 96,","    node: true,","    nomen: true,","    regexp: true,","    stupid: true","*/","(function () {","    'use strict';","    var local;","","","","    // run shared js-env code - pre-init","    (function () {","        // init local","        local = {};","        // init modeJs","        local.modeJs = (function () {","            try {","                return typeof navigator.userAgent === 'string' &&","                    typeof document.querySelector('body') === 'object' &&","                    typeof XMLHttpRequest.prototype.open === 'function' &&","                    'browser';","            } catch (errorCaughtBrowser) {","                return module.exports &&","                    typeof process.versions.node === 'string' &&","                    typeof require('http').createServer === 'function' &&","                    'node';","            }","        }());","        // init global","        local.global = local.modeJs === 'browser'","            ? window","            : global;","        switch (local.modeJs) {","        // re-init local from window.local","        case 'browser':","            local = local.global.utility2.objectSetDefault(","                local.global.utility2_rollup || local.global.local,","                local.global.utility2","            );","            break;","        // re-init local from example.js","        case 'node':","            local = (local.global.utility2_rollup || require('utility2'))","                .requireReadme();","            break;","        }","        // export local","        local.global.local = local;","    }());","","","","    // run shared js-env code - function","    (function () {","        return;","    }());","    switch (local.modeJs) {","","","","    // run browser js-env code - function","    case 'browser':","        break;","","","","    // run node js-env code - function","    case 'node':","        break;","    }","","","","    // run shared js-env code - post-init","    (function () {","        return;","    }());","    switch (local.modeJs) {","","","","    // run browser js-env code - post-init","    case 'browser':","        local.testCase_browser_nullCase = local.testCase_browser_nullCase || function (","            options,","            onError","        ) {","        /*","         * this function will test browsers's null-case handling-behavior-behavior","         */","            onError(null, options);","        };","","        // run tests","        local.nop(local.modeTest &&","            document.querySelector('#testRunButton1') &&","            document.querySelector('#testRunButton1').click());","        break;","","","","    // run node js-env code - post-init","    /* istanbul ignore next */","    case 'node':","        local.testCase_buildApidoc_default = local.testCase_buildApidoc_default || function (","            options,","            onError","        ) {","        /*","         * this function will test buildApidoc's default handling-behavior-behavior","         */","            options = { modulePathList: module.paths };","            local.buildApidoc(options, onError);","        };","","        local.testCase_buildApp_default = local.testCase_buildApp_default || function (","            options,","            onError","        ) {","        /*","         * this function will test buildApp's default handling-behavior-behavior","         */","            local.testCase_buildReadme_default(options, local.onErrorThrow);","            local.testCase_buildLib_default(options, local.onErrorThrow);","            local.testCase_buildTest_default(options, local.onErrorThrow);","            local.testCase_buildCustomOrg_default(options, local.onErrorThrow);","            options = [];","            local.buildApp(options, onError);","        };","","        local.testCase_buildCustomOrg_default = local.testCase_buildCustomOrg_default ||","            function (options, onError) {","            /*","             * this function will test buildCustomOrg's default handling-behavior","             */","                options = {};","                local.buildCustomOrg(options, onError);","            };","","        local.testCase_buildLib_default = local.testCase_buildLib_default || function (","            options,","            onError","        ) {","        /*","         * this function will test buildLib's default handling-behavior","         */","            options = {};","            local.buildLib(options, onError);","        };","","        local.testCase_buildReadme_default = local.testCase_buildReadme_default || function (","            options,","            onError","        ) {","        /*","         * this function will test buildReadme's default handling-behavior-behavior","         */","            options = {};","            local.buildReadme(options, onError);","        };","","        local.testCase_buildTest_default = local.testCase_buildTest_default || function (","            options,","            onError","        ) {","        /*","         * this function will test buildTest's default handling-behavior","         */","            options = {};","            local.buildTest(options, onError);","        };","","        local.testCase_webpage_default = local.testCase_webpage_default || function (","            options,","            onError","        ) {","        /*","         * this function will test webpage's default handling-behavior","         */","            options = { modeCoverageMerge: true, url: local.serverLocalHost + '?modeTest=1' };","            local.browserTest(options, onError);","        };","","        // run test-server","        local.testRunServer(local);","        break;","    }","}());",""],"l":{"12":2,"14":2,"19":2,"21":2,"23":2,"24":2,"25":2,"30":1,"37":2,"40":2,"43":1,"47":1,"50":1,"52":1,"55":2,"61":2,"62":2,"64":2,"70":1,"76":1,"82":2,"83":2,"85":2,"91":1,"98":1,"102":1,"105":1,"112":1,"119":1,"120":1,"123":1,"130":1,"131":1,"132":1,"133":1,"134":1,"135":1,"138":1,"143":2,"144":2,"147":1,"154":2,"155":2,"158":1,"165":2,"166":2,"169":1,"176":2,"177":2,"180":1,"187":1,"188":1,"192":1,"193":1}},"/home/travis/build/npmtest/node-npmtest-bson/lib.npmtest_bson.js":{"path":"/home/travis/build/npmtest/node-npmtest-bson/lib.npmtest_bson.js","s":{"1":2,"2":2,"3":2,"4":2,"5":2,"6":2,"7":2,"8":1,"9":2,"10":2,"11":2,"12":2,"13":1,"14":1,"15":1,"16":1},"b":{"1":[2,1,1,1],"2":[1,1,1,1],"3":[1,1],"4":[2,2],"5":[1,1]},"f":{"1":2,"2":2,"3":2},"fnMap":{"1":{"name":"(anonymous_1)","line":12,"loc":{"start":{"line":12,"column":1},"end":{"line":12,"column":13}}},"2":{"name":"(anonymous_2)","line":19,"loc":{"start":{"line":19,"column":5},"end":{"line":19,"column":17}}},"3":{"name":"(anonymous_3)","line":23,"loc":{"start":{"line":23,"column":24},"end":{"line":23,"column":36}}}},"statementMap":{"1":{"start":{"line":12,"column":0},"end":{"line":53,"column":5}},"2":{"start":{"line":14,"column":4},"end":{"line":14,"column":14}},"3":{"start":{"line":19,"column":4},"end":{"line":52,"column":9}},"4":{"start":{"line":21,"column":8},"end":{"line":21,"column":19}},"5":{"start":{"line":23,"column":8},"end":{"line":35,"column":13}},"6":{"start":{"line":24,"column":12},"end":{"line":34,"column":13}},"7":{"start":{"line":25,"column":16},"end":{"line":28,"column":30}},"8":{"start":{"line":30,"column":16},"end":{"line":33,"column":27}},"9":{"start":{"line":37,"column":8},"end":{"line":39,"column":21}},"10":{"start":{"line":41,"column":8},"end":{"line":41,"column":54}},"11":{"start":{"line":43,"column":8},"end":{"line":43,"column":49}},"12":{"start":{"line":45,"column":8},"end":{"line":51,"column":9}},"13":{"start":{"line":46,"column":12},"end":{"line":46,"column":55}},"14":{"start":{"line":48,"column":12},"end":{"line":48,"column":35}},"15":{"start":{"line":49,"column":12},"end":{"line":49,"column":49}},"16":{"start":{"line":50,"column":12},"end":{"line":50,"column":43}}},"branchMap":{"1":{"line":25,"type":"binary-expr","locations":[{"start":{"line":25,"column":23},"end":{"line":25,"column":62}},{"start":{"line":26,"column":20},"end":{"line":26,"column":70}},{"start":{"line":27,"column":20},"end":{"line":27,"column":71}},{"start":{"line":28,"column":20},"end":{"line":28,"column":29}}]},"2":{"line":30,"type":"binary-expr","locations":[{"start":{"line":30,"column":23},"end":{"line":30,"column":37}},{"start":{"line":31,"column":20},"end":{"line":31,"column":61}},{"start":{"line":32,"column":20},"end":{"line":32,"column":70}},{"start":{"line":33,"column":20},"end":{"line":33,"column":26}}]},"3":{"line":37,"type":"cond-expr","locations":[{"start":{"line":38,"column":14},"end":{"line":38,"column":20}},{"start":{"line":39,"column":14},"end":{"line":39,"column":20}}]},"4":{"line":41,"type":"binary-expr","locations":[{"start":{"line":41,"column":16},"end":{"line":41,"column":44}},{"start":{"line":41,"column":48},"end":{"line":41,"column":53}}]},"5":{"line":45,"type":"if","locations":[{"start":{"line":45,"column":8},"end":{"line":45,"column":8}},{"start":{"line":45,"column":8},"end":{"line":45,"column":8}}]}},"code":["/* istanbul instrument in package npmtest_bson */","/*jslint","    bitwise: true,","    browser: true,","    maxerr: 8,","    maxlen: 96,","    node: true,","    nomen: true,","    regexp: true,","    stupid: true","*/","(function () {","    'use strict';","    var local;","","","","    // run shared js-env code - pre-init","    (function () {","        // init local","        local = {};","        // init modeJs","        local.modeJs = (function () {","            try {","                return typeof navigator.userAgent === 'string' &&","                    typeof document.querySelector('body') === 'object' &&","                    typeof XMLHttpRequest.prototype.open === 'function' &&","                    'browser';","            } catch (errorCaughtBrowser) {","                return module.exports &&","                    typeof process.versions.node === 'string' &&","                    typeof require('http').createServer === 'function' &&","                    'node';","            }","        }());","        // init global","        local.global = local.modeJs === 'browser'","            ? window","            : global;","        // init utility2_rollup","        local = local.global.utility2_rollup || local;","        // init lib","        local.local = local.npmtest_bson = local;","        // init exports","        if (local.modeJs === 'browser') {","            local.global.utility2_npmtest_bson = local;","        } else {","            module.exports = local;","            module.exports.__dirname = __dirname;","            module.exports.module = module;","        }","    }());","}());",""],"l":{"12":2,"14":2,"19":2,"21":2,"23":2,"24":2,"25":2,"30":1,"37":2,"41":2,"43":2,"45":2,"46":1,"48":1,"49":1,"50":1}},"/home/travis/build/npmtest/node-npmtest-bson/example.js":{"path":"/home/travis/build/npmtest/node-npmtest-bson/example.js","s":{"1":2,"2":2,"3":2,"4":2,"5":2,"6":2,"7":2,"8":1,"9":2,"10":2,"11":2,"12":2,"13":1,"14":2,"15":2,"16":2,"17":2,"18":2,"19":0,"20":2,"21":1,"22":1,"23":1,"24":1,"25":1,"26":0,"27":0,"28":1,"29":1,"30":2,"31":0,"32":0,"33":0,"34":1,"35":2,"36":2,"37":3,"38":3,"39":3,"40":3,"41":0,"42":3,"43":3,"44":3,"45":1,"46":3,"47":1,"48":1,"49":1,"50":1,"51":1,"52":1,"53":1,"54":1,"55":1,"56":1,"57":0,"58":1,"59":6,"60":6,"61":1,"62":2,"63":0,"64":2,"65":1,"66":1,"67":0,"68":0,"69":0,"70":0,"71":0,"72":0,"73":0,"74":0,"75":0,"76":0,"77":0,"78":0,"79":0,"80":0,"81":0,"82":0,"83":0},"b":{"1":[2,1,1,1],"2":[1,1,1,1],"3":[1,1],"4":[2,2],"5":[1,1],"6":[1,1],"7":[2,0],"8":[2,1,1,1,1,1],"9":[0,2,0],"10":[1,1],"11":[2,1,1],"12":[1,0],"13":[0,2],"14":[2,0,0,0,0,0,0],"15":[0,3],"16":[3,0],"17":[1,1],"18":[0,1],"19":[1,2,0,2],"20":[1,0],"21":[1,1],"22":[0,0],"23":[0,0],"24":[0,0],"25":[0,0],"26":[0,0],"27":[0,0],"28":[0,0]},"f":{"1":2,"2":2,"3":2,"4":2,"5":2,"6":2,"7":3,"8":3,"9":3,"10":1,"11":6,"12":0},"fnMap":{"1":{"name":"(anonymous_1)","line":26,"loc":{"start":{"line":26,"column":1},"end":{"line":26,"column":13}}},"2":{"name":"(anonymous_2)","line":33,"loc":{"start":{"line":33,"column":5},"end":{"line":33,"column":17}}},"3":{"name":"(anonymous_3)","line":37,"loc":{"start":{"line":37,"column":24},"end":{"line":37,"column":36}}},"4":{"name":"(anonymous_4)","line":69,"loc":{"start":{"line":69,"column":31},"end":{"line":69,"column":48}},"skip":true},"5":{"name":"(anonymous_5)","line":78,"loc":{"start":{"line":78,"column":26},"end":{"line":78,"column":45}},"skip":true},"6":{"name":"(anonymous_6)","line":123,"loc":{"start":{"line":123,"column":33},"end":{"line":123,"column":48}},"skip":true},"7":{"name":"(anonymous_7)","line":125,"loc":{"start":{"line":125,"column":27},"end":{"line":125,"column":39}},"skip":true},"8":{"name":"(anonymous_8)","line":133,"loc":{"start":{"line":133,"column":59},"end":{"line":133,"column":74}},"skip":true},"9":{"name":"(anonymous_9)","line":143,"loc":{"start":{"line":143,"column":45},"end":{"line":143,"column":62}},"skip":true},"10":{"name":"(anonymous_10)","line":144,"loc":{"start":{"line":144,"column":73},"end":{"line":144,"column":92}},"skip":true},"11":{"name":"(anonymous_11)","line":272,"loc":{"start":{"line":272,"column":51},"end":{"line":272,"column":77}},"skip":true},"12":{"name":"(anonymous_12)","line":315,"loc":{"start":{"line":315,"column":32},"end":{"line":315,"column":61}},"skip":true}},"statementMap":{"1":{"start":{"line":26,"column":0},"end":{"line":326,"column":5}},"2":{"start":{"line":28,"column":4},"end":{"line":28,"column":14}},"3":{"start":{"line":33,"column":4},"end":{"line":60,"column":9}},"4":{"start":{"line":35,"column":8},"end":{"line":35,"column":19}},"5":{"start":{"line":37,"column":8},"end":{"line":49,"column":13}},"6":{"start":{"line":38,"column":12},"end":{"line":48,"column":13}},"7":{"start":{"line":39,"column":16},"end":{"line":42,"column":30}},"8":{"start":{"line":44,"column":16},"end":{"line":47,"column":27}},"9":{"start":{"line":51,"column":8},"end":{"line":53,"column":21}},"10":{"start":{"line":55,"column":8},"end":{"line":57,"column":45}},"11":{"start":{"line":59,"column":8},"end":{"line":59,"column":35}},"12":{"start":{"line":61,"column":4},"end":{"line":325,"column":5}},"13":{"start":{"line":69,"column":8},"end":{"line":121,"column":10},"skip":true},"14":{"start":{"line":70,"column":12},"end":{"line":88,"column":13},"skip":true},"15":{"start":{"line":76,"column":16},"end":{"line":87,"column":19},"skip":true},"16":{"start":{"line":79,"column":20},"end":{"line":86,"column":21},"skip":true},"17":{"start":{"line":82,"column":24},"end":{"line":82,"column":43},"skip":true},"18":{"start":{"line":83,"column":24},"end":{"line":83,"column":30},"skip":true},"19":{"start":{"line":85,"column":24},"end":{"line":85,"column":49},"skip":true},"20":{"start":{"line":89,"column":12},"end":{"line":107,"column":13},"skip":true},"21":{"start":{"line":92,"column":16},"end":{"line":102,"column":17},"skip":true},"22":{"start":{"line":93,"column":20},"end":{"line":93,"column":86},"skip":true},"23":{"start":{"line":94,"column":20},"end":{"line":95,"column":45},"skip":true},"24":{"start":{"line":96,"column":20},"end":{"line":96,"column":42},"skip":true},"25":{"start":{"line":97,"column":20},"end":{"line":97,"column":48},"skip":true},"26":{"start":{"line":100,"column":20},"end":{"line":100,"column":85},"skip":true},"27":{"start":{"line":101,"column":20},"end":{"line":101,"column":96},"skip":true},"28":{"start":{"line":103,"column":16},"end":{"line":103,"column":22},"skip":true},"29":{"start":{"line":106,"column":16},"end":{"line":106,"column":22},"skip":true},"30":{"start":{"line":108,"column":12},"end":{"line":120,"column":13},"skip":true},"31":{"start":{"line":114,"column":16},"end":{"line":119,"column":17},"skip":true},"32":{"start":{"line":116,"column":20},"end":{"line":116,"column":78},"skip":true},"33":{"start":{"line":118,"column":20},"end":{"line":118,"column":47},"skip":true},"34":{"start":{"line":123,"column":8},"end":{"line":141,"column":11},"skip":true},"35":{"start":{"line":124,"column":12},"end":{"line":124,"column":54},"skip":true},"36":{"start":{"line":125,"column":12},"end":{"line":140,"column":14},"skip":true},"37":{"start":{"line":126,"column":16},"end":{"line":126,"column":28},"skip":true},"38":{"start":{"line":127,"column":16},"end":{"line":127,"column":69},"skip":true},"39":{"start":{"line":128,"column":16},"end":{"line":128,"column":75},"skip":true},"40":{"start":{"line":129,"column":16},"end":{"line":131,"column":17},"skip":true},"41":{"start":{"line":130,"column":20},"end":{"line":130,"column":27},"skip":true},"42":{"start":{"line":133,"column":16},"end":{"line":137,"column":36},"skip":true},"43":{"start":{"line":134,"column":20},"end":{"line":136,"column":55},"skip":true},"44":{"start":{"line":139,"column":16},"end":{"line":139,"column":57},"skip":true},"45":{"start":{"line":143,"column":8},"end":{"line":147,"column":11},"skip":true},"46":{"start":{"line":144,"column":12},"end":{"line":146,"column":15},"skip":true},"47":{"start":{"line":145,"column":16},"end":{"line":145,"column":70},"skip":true},"48":{"start":{"line":149,"column":8},"end":{"line":149,"column":31},"skip":true},"49":{"start":{"line":150,"column":8},"end":{"line":150,"column":14},"skip":true},"50":{"start":{"line":158,"column":8},"end":{"line":158,"column":31},"skip":true},"51":{"start":{"line":160,"column":8},"end":{"line":160,"column":33},"skip":true},"52":{"start":{"line":161,"column":8},"end":{"line":161,"column":37},"skip":true},"53":{"start":{"line":162,"column":8},"end":{"line":162,"column":35},"skip":true},"54":{"start":{"line":164,"column":8},"end":{"line":164,"column":50},"skip":true},"55":{"start":{"line":166,"column":8},"end":{"line":256,"column":2},"skip":true},"56":{"start":{"line":258,"column":8},"end":{"line":286,"column":9},"skip":true},"57":{"start":{"line":259,"column":12},"end":{"line":269,"column":14},"skip":true},"58":{"start":{"line":271,"column":12},"end":{"line":285,"column":19},"skip":true},"59":{"start":{"line":274,"column":20},"end":{"line":274,"column":35},"skip":true},"60":{"start":{"line":275,"column":20},"end":{"line":284,"column":21},"skip":true},"61":{"start":{"line":277,"column":24},"end":{"line":277,"column":64},"skip":true},"62":{"start":{"line":279,"column":24},"end":{"line":279,"column":40},"skip":true},"63":{"start":{"line":281,"column":24},"end":{"line":281,"column":40},"skip":true},"64":{"start":{"line":283,"column":24},"end":{"line":283,"column":39},"skip":true},"65":{"start":{"line":288,"column":8},"end":{"line":290,"column":9},"skip":true},"66":{"start":{"line":289,"column":12},"end":{"line":289,"column":18},"skip":true},"67":{"start":{"line":291,"column":8},"end":{"line":293,"column":54},"skip":true},"68":{"start":{"line":296,"column":8},"end":{"line":301,"column":37},"skip":true},"69":{"start":{"line":303,"column":8},"end":{"line":303,"column":82},"skip":true},"70":{"start":{"line":306,"column":8},"end":{"line":308,"column":9},"skip":true},"71":{"start":{"line":307,"column":12},"end":{"line":307,"column":82},"skip":true},"72":{"start":{"line":310,"column":8},"end":{"line":312,"column":9},"skip":true},"73":{"start":{"line":311,"column":12},"end":{"line":311,"column":18},"skip":true},"74":{"start":{"line":313,"column":8},"end":{"line":313,"column":54},"skip":true},"75":{"start":{"line":314,"column":8},"end":{"line":314,"column":69},"skip":true},"76":{"start":{"line":315,"column":8},"end":{"line":323,"column":36},"skip":true},"77":{"start":{"line":316,"column":12},"end":{"line":316,"column":61},"skip":true},"78":{"start":{"line":317,"column":12},"end":{"line":320,"column":13},"skip":true},"79":{"start":{"line":318,"column":16},"end":{"line":318,"column":75},"skip":true},"80":{"start":{"line":319,"column":16},"end":{"line":319,"column":23},"skip":true},"81":{"start":{"line":321,"column":12},"end":{"line":321,"column":38},"skip":true},"82":{"start":{"line":322,"column":12},"end":{"line":322,"column":27},"skip":true},"83":{"start":{"line":324,"column":8},"end":{"line":324,"column":14},"skip":true}},"branchMap":{"1":{"line":39,"type":"binary-expr","locations":[{"start":{"line":39,"column":23},"end":{"line":39,"column":62}},{"start":{"line":40,"column":20},"end":{"line":40,"column":70}},{"start":{"line":41,"column":20},"end":{"line":41,"column":71}},{"start":{"line":42,"column":20},"end":{"line":42,"column":29}}]},"2":{"line":44,"type":"binary-expr","locations":[{"start":{"line":44,"column":23},"end":{"line":44,"column":37}},{"start":{"line":45,"column":20},"end":{"line":45,"column":61}},{"start":{"line":46,"column":20},"end":{"line":46,"column":70}},{"start":{"line":47,"column":20},"end":{"line":47,"column":26}}]},"3":{"line":51,"type":"cond-expr","locations":[{"start":{"line":52,"column":14},"end":{"line":52,"column":20}},{"start":{"line":53,"column":14},"end":{"line":53,"column":20}}]},"4":{"line":55,"type":"binary-expr","locations":[{"start":{"line":55,"column":16},"end":{"line":55,"column":44}},{"start":{"line":55,"column":49},"end":{"line":57,"column":43}}]},"5":{"line":55,"type":"cond-expr","locations":[{"start":{"line":56,"column":14},"end":{"line":56,"column":48}},{"start":{"line":57,"column":14},"end":{"line":57,"column":43}}]},"6":{"line":61,"type":"switch","locations":[{"start":{"line":68,"column":4},"end":{"line":150,"column":14},"skip":true},{"start":{"line":156,"column":4},"end":{"line":324,"column":14},"skip":true}]},"7":{"line":70,"type":"if","locations":[{"start":{"line":70,"column":12},"end":{"line":70,"column":12},"skip":true},{"start":{"line":70,"column":12},"end":{"line":70,"column":12},"skip":true}]},"8":{"line":70,"type":"binary-expr","locations":[{"start":{"line":70,"column":16},"end":{"line":70,"column":22},"skip":true},{"start":{"line":70,"column":27},"end":{"line":70,"column":32},"skip":true},{"start":{"line":71,"column":20},"end":{"line":71,"column":39},"skip":true},{"start":{"line":72,"column":20},"end":{"line":72,"column":49},"skip":true},{"start":{"line":73,"column":20},"end":{"line":73,"column":58},"skip":true},{"start":{"line":74,"column":20},"end":{"line":74,"column":69},"skip":true}]},"9":{"line":79,"type":"switch","locations":[{"start":{"line":80,"column":20},"end":{"line":80,"column":33},"skip":true},{"start":{"line":81,"column":20},"end":{"line":83,"column":30},"skip":true},{"start":{"line":84,"column":20},"end":{"line":85,"column":49},"skip":true}]},"10":{"line":89,"type":"switch","locations":[{"start":{"line":90,"column":12},"end":{"line":103,"column":22},"skip":true},{"start":{"line":105,"column":12},"end":{"line":106,"column":22},"skip":true}]},"11":{"line":89,"type":"binary-expr","locations":[{"start":{"line":89,"column":20},"end":{"line":89,"column":25},"skip":true},{"start":{"line":89,"column":29},"end":{"line":89,"column":48},"skip":true},{"start":{"line":89,"column":52},"end":{"line":89,"column":74},"skip":true}]},"12":{"line":92,"type":"if","locations":[{"start":{"line":92,"column":16},"end":{"line":92,"column":16},"skip":true},{"start":{"line":92,"column":16},"end":{"line":92,"column":16},"skip":true}]},"13":{"line":108,"type":"if","locations":[{"start":{"line":108,"column":12},"end":{"line":108,"column":12},"skip":true},{"start":{"line":108,"column":12},"end":{"line":108,"column":12},"skip":true}]},"14":{"line":108,"type":"binary-expr","locations":[{"start":{"line":108,"column":16},"end":{"line":108,"column":61},"skip":true},{"start":{"line":108,"column":66},"end":{"line":108,"column":72},"skip":true},{"start":{"line":108,"column":77},"end":{"line":108,"column":82},"skip":true},{"start":{"line":109,"column":20},"end":{"line":109,"column":39},"skip":true},{"start":{"line":110,"column":20},"end":{"line":110,"column":49},"skip":true},{"start":{"line":111,"column":20},"end":{"line":111,"column":58},"skip":true},{"start":{"line":112,"column":20},"end":{"line":112,"column":68},"skip":true}]},"15":{"line":129,"type":"if","locations":[{"start":{"line":129,"column":16},"end":{"line":129,"column":16},"skip":true},{"start":{"line":129,"column":16},"end":{"line":129,"column":16},"skip":true}]},"16":{"line":134,"type":"cond-expr","locations":[{"start":{"line":135,"column":26},"end":{"line":135,"column":29},"skip":true},{"start":{"line":136,"column":26},"end":{"line":136,"column":54},"skip":true}]},"17":{"line":164,"type":"binary-expr","locations":[{"start":{"line":164,"column":27},"end":{"line":164,"column":43},"skip":true},{"start":{"line":164,"column":47},"end":{"line":164,"column":49},"skip":true}]},"18":{"line":258,"type":"if","locations":[{"start":{"line":258,"column":8},"end":{"line":258,"column":8},"skip":true},{"start":{"line":258,"column":8},"end":{"line":258,"column":8},"skip":true}]},"19":{"line":275,"type":"switch","locations":[{"start":{"line":276,"column":20},"end":{"line":277,"column":64},"skip":true},{"start":{"line":278,"column":20},"end":{"line":279,"column":40},"skip":true},{"start":{"line":280,"column":20},"end":{"line":281,"column":40},"skip":true},{"start":{"line":282,"column":20},"end":{"line":283,"column":39},"skip":true}]},"20":{"line":288,"type":"if","locations":[{"start":{"line":288,"column":8},"end":{"line":288,"column":8},"skip":true},{"start":{"line":288,"column":8},"end":{"line":288,"column":8},"skip":true}]},"21":{"line":288,"type":"binary-expr","locations":[{"start":{"line":288,"column":12},"end":{"line":288,"column":40},"skip":true},{"start":{"line":288,"column":44},"end":{"line":288,"column":67},"skip":true}]},"22":{"line":292,"type":"binary-expr","locations":[{"start":{"line":292,"column":12},"end":{"line":292,"column":50},"skip":true},{"start":{"line":293,"column":12},"end":{"line":293,"column":53},"skip":true}]},"23":{"line":297,"type":"binary-expr","locations":[{"start":{"line":297,"column":12},"end":{"line":297,"column":62},"skip":true},{"start":{"line":298,"column":12},"end":{"line":301,"column":36},"skip":true}]},"24":{"line":303,"type":"binary-expr","locations":[{"start":{"line":303,"column":43},"end":{"line":303,"column":75},"skip":true},{"start":{"line":303,"column":79},"end":{"line":303,"column":81},"skip":true}]},"25":{"line":306,"type":"if","locations":[{"start":{"line":306,"column":8},"end":{"line":306,"column":8},"skip":true},{"start":{"line":306,"column":8},"end":{"line":306,"column":8},"skip":true}]},"26":{"line":310,"type":"if","locations":[{"start":{"line":310,"column":8},"end":{"line":310,"column":8},"skip":true},{"start":{"line":310,"column":8},"end":{"line":310,"column":8},"skip":true}]},"27":{"line":313,"type":"binary-expr","locations":[{"start":{"line":313,"column":27},"end":{"line":313,"column":43},"skip":true},{"start":{"line":313,"column":47},"end":{"line":313,"column":53},"skip":true}]},"28":{"line":317,"type":"if","locations":[{"start":{"line":317,"column":12},"end":{"line":317,"column":12},"skip":true},{"start":{"line":317,"column":12},"end":{"line":317,"column":12},"skip":true}]}},"code":["/*","example.js","","quickstart example","","instruction","    1. save this script as example.js","    2. run the shell command:","        $ npm install npmtest-bson && PORT=8081 node example.js","    3. play with the browser-demo on http://127.0.0.1:8081","*/","","","","/* istanbul instrument in package npmtest_bson */","/*jslint","    bitwise: true,","    browser: true,","    maxerr: 8,","    maxlen: 96,","    node: true,","    nomen: true,","    regexp: true,","    stupid: true","*/","(function () {","    'use strict';","    var local;","","","","    // run shared js-env code - pre-init","    (function () {","        // init local","        local = {};","        // init modeJs","        local.modeJs = (function () {","            try {","                return typeof navigator.userAgent === 'string' &&","                    typeof document.querySelector('body') === 'object' &&","                    typeof XMLHttpRequest.prototype.open === 'function' &&","                    'browser';","            } catch (errorCaughtBrowser) {","                return module.exports &&","                    typeof process.versions.node === 'string' &&","                    typeof require('http').createServer === 'function' &&","                    'node';","            }","        }());","        // init global","        local.global = local.modeJs === 'browser'","            ? window","            : global;","        // init utility2_rollup","        local = local.global.utility2_rollup || (local.modeJs === 'browser'","            ? local.global.utility2_npmtest_bson","            : global.utility2_moduleExports);","        // export local","        local.global.local = local;","    }());","    switch (local.modeJs) {","","","","    // post-init","    // run browser js-env code - post-init","    /* istanbul ignore next */","    case 'browser':","        local.testRunBrowser = function (event) {","            if (!event || (event &&","                    event.currentTarget &&","                    event.currentTarget.className &&","                    event.currentTarget.className.includes &&","                    event.currentTarget.className.includes('onreset'))) {","                // reset output","                Array.from(","                    document.querySelectorAll('body > .resettable')","                ).forEach(function (element) {","                    switch (element.tagName) {","                    case 'INPUT':","                    case 'TEXTAREA':","                        element.value = '';","                        break;","                    default:","                        element.textContent = '';","                    }","                });","            }","            switch (event && event.currentTarget && event.currentTarget.id) {","            case 'testRunButton1':","                // show tests","                if (document.querySelector('#testReportDiv1').style.display === 'none') {","                    document.querySelector('#testReportDiv1').style.display = 'block';","                    document.querySelector('#testRunButton1').textContent =","                        'hide internal test';","                    local.modeTest = true;","                    local.testRunDefault(local);","                // hide tests","                } else {","                    document.querySelector('#testReportDiv1').style.display = 'none';","                    document.querySelector('#testRunButton1').textContent = 'run internal test';","                }","                break;","            // custom-case","            default:","                break;","            }","            if (document.querySelector('#inputTextareaEval1') && (!event || (event &&","                    event.currentTarget &&","                    event.currentTarget.className &&","                    event.currentTarget.className.includes &&","                    event.currentTarget.className.includes('oneval')))) {","                // try to eval input-code","                try {","                    /*jslint evil: true*/","                    eval(document.querySelector('#inputTextareaEval1').value);","                } catch (errorCaught) {","                    console.error(errorCaught);","                }","            }","        };","        // log stderr and stdout to #outputTextareaStdout1","        ['error', 'log'].forEach(function (key) {","            console[key + '_original'] = console[key];","            console[key] = function () {","                var element;","                console[key + '_original'].apply(console, arguments);","                element = document.querySelector('#outputTextareaStdout1');","                if (!element) {","                    return;","                }","                // append text to #outputTextareaStdout1","                element.value += Array.from(arguments).map(function (arg) {","                    return typeof arg === 'string'","                        ? arg","                        : JSON.stringify(arg, null, 4);","                }).join(' ') + '\\n';","                // scroll textarea to bottom","                element.scrollTop = element.scrollHeight;","            };","        });","        // init event-handling","        ['change', 'click', 'keyup'].forEach(function (event) {","            Array.from(document.querySelectorAll('.on' + event)).forEach(function (element) {","                element.addEventListener(event, local.testRunBrowser);","            });","        });","        // run tests","        local.testRunBrowser();","        break;","","","","    // run node js-env code - post-init","    /* istanbul ignore next */","    case 'node':","        // export local","        module.exports = local;","        // require modules","        local.fs = require('fs');","        local.http = require('http');","        local.url = require('url');","        // init assets","        local.assetsDict = local.assetsDict || {};","        /* jslint-ignore-begin */","        local.assetsDict['/assets.index.template.html'] = '\\","<!doctype html>\\n\\","<html lang=\"en\">\\n\\","<head>\\n\\","<meta charset=\"UTF-8\">\\n\\","<meta name=\"viewport\" content=\"width=device-width, initial-scale=1\">\\n\\","<title>{{env.npm_package_name}} (v{{env.npm_package_version}})</title>\\n\\","<style>\\n\\","/*csslint\\n\\","    box-sizing: false,\\n\\","    universal-selector: false\\n\\","*/\\n\\","* {\\n\\","    box-sizing: border-box;\\n\\","}\\n\\","body {\\n\\","    background: #dde;\\n\\","    font-family: Arial, Helvetica, sans-serif;\\n\\","    margin: 2rem;\\n\\","}\\n\\","body > * {\\n\\","    margin-bottom: 1rem;\\n\\","}\\n\\",".utility2FooterDiv {\\n\\","    margin-top: 20px;\\n\\","    text-align: center;\\n\\","}\\n\\","</style>\\n\\","<style>\\n\\","/*csslint\\n\\","*/\\n\\","textarea {\\n\\","    font-family: monospace;\\n\\","    height: 10rem;\\n\\","    width: 100%;\\n\\","}\\n\\","textarea[readonly] {\\n\\","    background: #ddd;\\n\\","}\\n\\","</style>\\n\\","</head>\\n\\","<body>\\n\\","<!-- utility2-comment\\n\\","<div id=\"ajaxProgressDiv1\" style=\"background: #d00; height: 2px; left: 0; margin: 0; padding: 0; position: fixed; top: 0; transition: background 0.5s, width 1.5s; width: 25%;\"></div>\\n\\","utility2-comment -->\\n\\","<h1>\\n\\","<!-- utility2-comment\\n\\","    <a\\n\\","        {{#if env.npm_package_homepage}}\\n\\","        href=\"{{env.npm_package_homepage}}\"\\n\\","        {{/if env.npm_package_homepage}}\\n\\","        target=\"_blank\"\\n\\","    >\\n\\","utility2-comment -->\\n\\","        {{env.npm_package_name}} (v{{env.npm_package_version}})\\n\\","<!-- utility2-comment\\n\\","    </a>\\n\\","utility2-comment -->\\n\\","</h1>\\n\\","<h3>{{env.npm_package_description}}</h3>\\n\\","<!-- utility2-comment\\n\\","<h4><a download href=\"assets.app.js\">download standalone app</a></h4>\\n\\","<button class=\"onclick onreset\" id=\"testRunButton1\">run internal test</button><br>\\n\\","<div id=\"testReportDiv1\" style=\"display: none;\"></div>\\n\\","utility2-comment -->\\n\\","\\n\\","\\n\\","\\n\\","<label>stderr and stdout</label>\\n\\","<textarea class=\"resettable\" id=\"outputTextareaStdout1\" readonly></textarea>\\n\\","<!-- utility2-comment\\n\\","{{#if isRollup}}\\n\\","<script src=\"assets.app.js\"></script>\\n\\","{{#unless isRollup}}\\n\\","utility2-comment -->\\n\\","<script src=\"assets.utility2.rollup.js\"></script>\\n\\","<script src=\"jsonp.utility2._stateInit?callback=window.utility2._stateInit\"></script>\\n\\","<script src=\"assets.npmtest_bson.rollup.js\"></script>\\n\\","<script src=\"assets.example.js\"></script>\\n\\","<script src=\"assets.test.js\"></script>\\n\\","<!-- utility2-comment\\n\\","{{/if isRollup}}\\n\\","utility2-comment -->\\n\\","<div class=\"utility2FooterDiv\">\\n\\","    [ this app was created with\\n\\","    <a href=\"https://github.com/kaizhu256/node-utility2\" target=\"_blank\">utility2</a>\\n\\","    ]\\n\\","</div>\\n\\","</body>\\n\\","</html>\\n\\","';","        /* jslint-ignore-end */","        if (local.templateRender) {","            local.assetsDict['/'] = local.templateRender(","                local.assetsDict['/assets.index.template.html'],","                {","                    env: local.objectSetDefault(local.env, {","                        npm_package_description: 'the greatest app in the world!',","                        npm_package_name: 'my-app',","                        npm_package_nameAlias: 'my_app',","                        npm_package_version: '0.0.1'","                    })","                }","            );","        } else {","            local.assetsDict['/'] = local.assetsDict['/assets.index.template.html']","                .replace((/\\{\\{env\\.(\\w+?)\\}\\}/g), function (match0, match1) {","                    // jslint-hack","                    String(match0);","                    switch (match1) {","                    case 'npm_package_description':","                        return 'the greatest app in the world!';","                    case 'npm_package_name':","                        return 'my-app';","                    case 'npm_package_nameAlias':","                        return 'my_app';","                    case 'npm_package_version':","                        return '0.0.1';","                    }","                });","        }","        // run the cli","        if (local.global.utility2_rollup || module !== require.main) {","            break;","        }","        local.assetsDict['/assets.example.js'] =","            local.assetsDict['/assets.example.js'] ||","            local.fs.readFileSync(__filename, 'utf8');","        // bug-workaround - long $npm_package_buildCustomOrg","        /* jslint-ignore-begin */","        local.assetsDict['/assets.npmtest_bson.rollup.js'] =","            local.assetsDict['/assets.npmtest_bson.rollup.js'] ||","            local.fs.readFileSync(","                local.npmtest_bson.__dirname + '/lib.npmtest_bson.js',","                'utf8'","            ).replace((/^#!/), '//');","        /* jslint-ignore-end */","        local.assetsDict['/favicon.ico'] = local.assetsDict['/favicon.ico'] || '';","        // if $npm_config_timeout_exit exists,","        // then exit this process after $npm_config_timeout_exit ms","        if (Number(process.env.npm_config_timeout_exit)) {","            setTimeout(process.exit, Number(process.env.npm_config_timeout_exit));","        }","        // start server","        if (local.global.utility2_serverHttp1) {","            break;","        }","        process.env.PORT = process.env.PORT || '8081';","        console.error('server starting on port ' + process.env.PORT);","        local.http.createServer(function (request, response) {","            request.urlParsed = local.url.parse(request.url);","            if (local.assetsDict[request.urlParsed.pathname] !== undefined) {","                response.end(local.assetsDict[request.urlParsed.pathname]);","                return;","            }","            response.statusCode = 404;","            response.end();","        }).listen(process.env.PORT);","        break;","    }","}());",""],"l":{"26":2,"28":2,"33":2,"35":2,"37":2,"38":2,"39":2,"44":1,"51":2,"55":2,"59":2,"61":2,"69":1,"70":2,"76":2,"79":2,"82":2,"83":2,"85":1,"89":2,"92":1,"93":1,"94":1,"96":1,"97":1,"100":1,"101":1,"103":1,"106":1,"108":2,"114":1,"116":1,"118":1,"123":1,"124":2,"125":2,"126":3,"127":3,"128":3,"129":3,"130":1,"133":3,"134":3,"139":3,"143":1,"144":3,"145":1,"149":1,"150":1,"158":1,"160":1,"161":1,"162":1,"164":1,"166":1,"258":1,"259":1,"271":1,"274":6,"275":6,"277":1,"279":2,"281":1,"283":2,"288":1,"289":1,"291":1,"296":1,"303":1,"306":1,"307":1,"310":1,"311":1,"313":1,"314":1,"315":1,"316":1,"317":1,"318":1,"319":1,"321":1,"322":1,"324":1}},"/home/travis/build/npmtest/node-npmtest-bson/node_modules/bson/index.js":{"path":"/home/travis/build/npmtest/node-npmtest-bson/node_modules/bson/index.js","s":{"1":1,"2":1,"3":1,"4":1,"5":1,"6":1,"7":1,"8":1,"9":1,"10":1,"11":1,"12":1,"13":1,"14":1,"15":1,"16":1,"17":1,"18":1,"19":1,"20":1,"21":1,"22":1,"23":1},"b":{},"f":{},"fnMap":{},"statementMap":{"1":{"start":{"line":1,"column":0},"end":{"line":15,"column":46}},"2":{"start":{"line":18,"column":0},"end":{"line":18,"column":33}},"3":{"start":{"line":19,"column":0},"end":{"line":19,"column":34}},"4":{"start":{"line":21,"column":0},"end":{"line":21,"column":42}},"5":{"start":{"line":22,"column":0},"end":{"line":22,"column":39}},"6":{"start":{"line":25,"column":0},"end":{"line":25,"column":35}},"7":{"start":{"line":26,"column":0},"end":{"line":26,"column":36}},"8":{"start":{"line":29,"column":0},"end":{"line":29,"column":21}},"9":{"start":{"line":30,"column":0},"end":{"line":30,"column":17}},"10":{"start":{"line":31,"column":0},"end":{"line":31,"column":19}},"11":{"start":{"line":32,"column":0},"end":{"line":32,"column":29}},"12":{"start":{"line":33,"column":0},"end":{"line":33,"column":21}},"13":{"start":{"line":34,"column":0},"end":{"line":34,"column":19}},"14":{"start":{"line":35,"column":0},"end":{"line":35,"column":17}},"15":{"start":{"line":36,"column":0},"end":{"line":36,"column":15}},"16":{"start":{"line":37,"column":0},"end":{"line":37,"column":21}},"17":{"start":{"line":38,"column":0},"end":{"line":38,"column":21}},"18":{"start":{"line":39,"column":0},"end":{"line":39,"column":25}},"19":{"start":{"line":40,"column":0},"end":{"line":40,"column":25}},"20":{"start":{"line":41,"column":0},"end":{"line":41,"column":29}},"21":{"start":{"line":42,"column":0},"end":{"line":42,"column":21}},"22":{"start":{"line":43,"column":0},"end":{"line":43,"column":27}},"23":{"start":{"line":46,"column":0},"end":{"line":46,"column":22}}},"branchMap":{},"code":["var BSON = require('./lib/bson/bson'),","  Binary = require('./lib/bson/binary'),","  Code = require('./lib/bson/code'),","  DBRef = require('./lib/bson/db_ref'),","  Decimal128 = require('./lib/bson/decimal128'),","  Double = require('./lib/bson/double'),","  Int32 = require('./lib/bson/int_32'),","  Long = require('./lib/bson/long'),","  Map = require('./lib/bson/map'),","  MaxKey = require('./lib/bson/max_key'),","  MinKey = require('./lib/bson/min_key'),","  ObjectId = require('./lib/bson/objectid'),","  BSONRegExp = require('./lib/bson/regexp'),","  Symbol = require('./lib/bson/symbol'),","  Timestamp = require('./lib/bson/timestamp');","","// BSON MAX VALUES","BSON.BSON_INT32_MAX = 0x7FFFFFFF;","BSON.BSON_INT32_MIN = -0x80000000;","","BSON.BSON_INT64_MAX = Math.pow(2, 63) - 1;","BSON.BSON_INT64_MIN = -Math.pow(2, 63);","","// JS MAX PRECISE VALUES","BSON.JS_INT_MAX = 0x20000000000000;  // Any integer up to 2^53 can be precisely represented by a double.","BSON.JS_INT_MIN = -0x20000000000000;  // Any integer down to -2^53 can be precisely represented by a double.","","// Add BSON types to function creation","BSON.Binary = Binary;","BSON.Code = Code;","BSON.DBRef = DBRef;","BSON.Decimal128 = Decimal128;","BSON.Double = Double;","BSON.Int32 = Int32;","BSON.Long = Long;","BSON.Map = Map;","BSON.MaxKey = MaxKey;","BSON.MinKey = MinKey;","BSON.ObjectId = ObjectId;","BSON.ObjectID = ObjectId;","BSON.BSONRegExp = BSONRegExp;","BSON.Symbol = Symbol;","BSON.Timestamp = Timestamp;","","// Return the BSON","module.exports = BSON;",""],"l":{"1":1,"18":1,"19":1,"21":1,"22":1,"25":1,"26":1,"29":1,"30":1,"31":1,"32":1,"33":1,"34":1,"35":1,"36":1,"37":1,"38":1,"39":1,"40":1,"41":1,"42":1,"43":1,"46":1}},"/home/travis/build/npmtest/node-npmtest-bson/node_modules/bson/lib/bson/bson.js":{"path":"/home/travis/build/npmtest/node-npmtest-bson/node_modules/bson/lib/bson/bson.js","s":{"1":1,"2":1,"3":1,"4":1,"5":1,"6":1,"7":0,"8":0,"9":0,"10":0,"11":0,"12":0,"13":0,"14":0,"15":1,"16":0,"17":0,"18":0,"19":0,"20":0,"21":0,"22":0,"23":0,"24":1,"25":0,"26":1,"27":0,"28":0,"29":0,"30":0,"31":1,"32":0,"33":0,"34":0,"35":0,"36":0,"37":0,"38":0,"39":0,"40":1,"41":1,"42":1,"43":1,"44":1,"45":1,"46":1,"47":1,"48":1,"49":1,"50":1,"51":1,"52":1,"53":1,"54":1,"55":1,"56":1,"57":1,"58":1,"59":1,"60":1,"61":1,"62":1,"63":1,"64":1,"65":1,"66":1,"67":1,"68":1,"69":1,"70":1,"71":1,"72":1,"73":1,"74":1,"75":1,"76":1,"77":1,"78":1,"79":1,"80":1,"81":1,"82":1,"83":1,"84":1,"85":1,"86":1,"87":1},"b":{"1":[0,0],"2":[0,0],"3":[0,0],"4":[0,0],"5":[0,0],"6":[0,0],"7":[0,0],"8":[0,0],"9":[0,0],"10":[0,0],"11":[0,0],"12":[0,0],"13":[0,0],"14":[0,0]},"f":{"1":0,"2":0,"3":0,"4":0,"5":0,"6":0},"fnMap":{"1":{"name":"(anonymous_1)","line":34,"loc":{"start":{"line":34,"column":11},"end":{"line":34,"column":22}}},"2":{"name":"serialize","line":47,"loc":{"start":{"line":47,"column":27},"end":{"line":47,"column":63}}},"3":{"name":"(anonymous_3)","line":79,"loc":{"start":{"line":79,"column":45},"end":{"line":79,"column":84}}},"4":{"name":"(anonymous_4)","line":114,"loc":{"start":{"line":114,"column":29},"end":{"line":114,"column":55}}},"5":{"name":"(anonymous_5)","line":127,"loc":{"start":{"line":127,"column":37},"end":{"line":127,"column":63}}},"6":{"name":"(anonymous_6)","line":158,"loc":{"start":{"line":158,"column":35},"end":{"line":158,"column":116}}}},"statementMap":{"1":{"start":{"line":3,"column":0},"end":{"line":18,"column":31}},"2":{"start":{"line":21,"column":0},"end":{"line":23,"column":58}},"3":{"start":{"line":30,"column":0},"end":{"line":30,"column":29}},"4":{"start":{"line":32,"column":0},"end":{"line":32,"column":33}},"5":{"start":{"line":34,"column":0},"end":{"line":35,"column":1}},"6":{"start":{"line":47,"column":0},"end":{"line":65,"column":1}},"7":{"start":{"line":48,"column":1},"end":{"line":48,"column":25}},"8":{"start":{"line":50,"column":1},"end":{"line":51,"column":30}},"9":{"start":{"line":52,"column":1},"end":{"line":53,"column":39}},"10":{"start":{"line":54,"column":1},"end":{"line":55,"column":35}},"11":{"start":{"line":58,"column":1},"end":{"line":58,"column":111}},"12":{"start":{"line":60,"column":1},"end":{"line":60,"column":53}},"13":{"start":{"line":62,"column":1},"end":{"line":62,"column":58}},"14":{"start":{"line":64,"column":1},"end":{"line":64,"column":23}},"15":{"start":{"line":79,"column":0},"end":{"line":97,"column":1}},"16":{"start":{"line":80,"column":1},"end":{"line":80,"column":25}},"17":{"start":{"line":82,"column":1},"end":{"line":83,"column":30}},"18":{"start":{"line":84,"column":1},"end":{"line":85,"column":39}},"19":{"start":{"line":86,"column":1},"end":{"line":87,"column":35}},"20":{"start":{"line":88,"column":1},"end":{"line":89,"column":22}},"21":{"start":{"line":92,"column":1},"end":{"line":92,"column":121}},"22":{"start":{"line":93,"column":1},"end":{"line":93,"column":61}},"23":{"start":{"line":96,"column":1},"end":{"line":96,"column":31}},"24":{"start":{"line":114,"column":0},"end":{"line":116,"column":1}},"25":{"start":{"line":115,"column":2},"end":{"line":115,"column":38}},"26":{"start":{"line":127,"column":0},"end":{"line":136,"column":1}},"27":{"start":{"line":128,"column":1},"end":{"line":128,"column":25}},"28":{"start":{"line":130,"column":1},"end":{"line":131,"column":39}},"29":{"start":{"line":132,"column":1},"end":{"line":133,"column":35}},"30":{"start":{"line":135,"column":2},"end":{"line":135,"column":74}},"31":{"start":{"line":158,"column":0},"end":{"line":175,"column":1}},"32":{"start":{"line":159,"column":2},"end":{"line":159,"column":43}},"33":{"start":{"line":160,"column":2},"end":{"line":160,"column":25}},"34":{"start":{"line":162,"column":2},"end":{"line":171,"column":3}},"35":{"start":{"line":164,"column":4},"end":{"line":164,"column":98}},"36":{"start":{"line":166,"column":4},"end":{"line":166,"column":29}},"37":{"start":{"line":168,"column":4},"end":{"line":168,"column":67}},"38":{"start":{"line":170,"column":4},"end":{"line":170,"column":25}},"39":{"start":{"line":174,"column":2},"end":{"line":174,"column":15}},"40":{"start":{"line":182,"column":0},"end":{"line":182,"column":33}},"41":{"start":{"line":183,"column":0},"end":{"line":183,"column":34}},"42":{"start":{"line":185,"column":0},"end":{"line":185,"column":42}},"43":{"start":{"line":186,"column":0},"end":{"line":186,"column":39}},"44":{"start":{"line":189,"column":0},"end":{"line":189,"column":35}},"45":{"start":{"line":190,"column":0},"end":{"line":190,"column":36}},"46":{"start":{"line":193,"column":0},"end":{"line":193,"column":56}},"47":{"start":{"line":194,"column":0},"end":{"line":194,"column":57}},"48":{"start":{"line":201,"column":0},"end":{"line":201,"column":26}},"49":{"start":{"line":207,"column":0},"end":{"line":207,"column":26}},"50":{"start":{"line":213,"column":0},"end":{"line":213,"column":26}},"51":{"start":{"line":219,"column":0},"end":{"line":219,"column":25}},"52":{"start":{"line":225,"column":0},"end":{"line":225,"column":26}},"53":{"start":{"line":231,"column":0},"end":{"line":231,"column":23}},"54":{"start":{"line":237,"column":0},"end":{"line":237,"column":27}},"55":{"start":{"line":243,"column":0},"end":{"line":243,"column":24}},"56":{"start":{"line":249,"column":0},"end":{"line":249,"column":25}},"57":{"start":{"line":255,"column":0},"end":{"line":255,"column":27}},"58":{"start":{"line":261,"column":0},"end":{"line":261,"column":25}},"59":{"start":{"line":267,"column":0},"end":{"line":267,"column":27}},"60":{"start":{"line":273,"column":0},"end":{"line":273,"column":33}},"61":{"start":{"line":279,"column":0},"end":{"line":279,"column":24}},"62":{"start":{"line":285,"column":0},"end":{"line":285,"column":30}},"63":{"start":{"line":291,"column":0},"end":{"line":291,"column":25}},"64":{"start":{"line":297,"column":0},"end":{"line":297,"column":30}},"65":{"start":{"line":303,"column":0},"end":{"line":303,"column":30}},"66":{"start":{"line":310,"column":0},"end":{"line":310,"column":37}},"67":{"start":{"line":316,"column":0},"end":{"line":316,"column":38}},"68":{"start":{"line":322,"column":0},"end":{"line":322,"column":40}},"69":{"start":{"line":328,"column":0},"end":{"line":328,"column":34}},"70":{"start":{"line":334,"column":0},"end":{"line":334,"column":33}},"71":{"start":{"line":340,"column":0},"end":{"line":340,"column":44}},"72":{"start":{"line":343,"column":0},"end":{"line":343,"column":22}},"73":{"start":{"line":344,"column":0},"end":{"line":344,"column":27}},"74":{"start":{"line":345,"column":0},"end":{"line":345,"column":25}},"75":{"start":{"line":346,"column":0},"end":{"line":346,"column":31}},"76":{"start":{"line":347,"column":0},"end":{"line":347,"column":27}},"77":{"start":{"line":348,"column":0},"end":{"line":348,"column":29}},"78":{"start":{"line":349,"column":0},"end":{"line":349,"column":31}},"79":{"start":{"line":350,"column":0},"end":{"line":350,"column":35}},"80":{"start":{"line":351,"column":0},"end":{"line":351,"column":27}},"81":{"start":{"line":352,"column":0},"end":{"line":352,"column":37}},"82":{"start":{"line":353,"column":0},"end":{"line":353,"column":31}},"83":{"start":{"line":354,"column":0},"end":{"line":354,"column":29}},"84":{"start":{"line":355,"column":0},"end":{"line":355,"column":31}},"85":{"start":{"line":356,"column":0},"end":{"line":356,"column":31}},"86":{"start":{"line":357,"column":0},"end":{"line":357,"column":39}},"87":{"start":{"line":358,"column":0},"end":{"line":358,"column":39}}},"branchMap":{"1":{"line":48,"type":"binary-expr","locations":[{"start":{"line":48,"column":11},"end":{"line":48,"column":18}},{"start":{"line":48,"column":22},"end":{"line":48,"column":24}}]},"2":{"line":50,"type":"cond-expr","locations":[{"start":{"line":51,"column":4},"end":{"line":51,"column":21}},{"start":{"line":51,"column":24},"end":{"line":51,"column":29}}]},"3":{"line":52,"type":"cond-expr","locations":[{"start":{"line":53,"column":4},"end":{"line":53,"column":30}},{"start":{"line":53,"column":33},"end":{"line":53,"column":38}}]},"4":{"line":54,"type":"cond-expr","locations":[{"start":{"line":55,"column":4},"end":{"line":55,"column":27}},{"start":{"line":55,"column":30},"end":{"line":55,"column":34}}]},"5":{"line":80,"type":"binary-expr","locations":[{"start":{"line":80,"column":11},"end":{"line":80,"column":18}},{"start":{"line":80,"column":22},"end":{"line":80,"column":24}}]},"6":{"line":82,"type":"cond-expr","locations":[{"start":{"line":83,"column":4},"end":{"line":83,"column":21}},{"start":{"line":83,"column":24},"end":{"line":83,"column":29}}]},"7":{"line":84,"type":"cond-expr","locations":[{"start":{"line":85,"column":4},"end":{"line":85,"column":30}},{"start":{"line":85,"column":33},"end":{"line":85,"column":38}}]},"8":{"line":86,"type":"cond-expr","locations":[{"start":{"line":87,"column":4},"end":{"line":87,"column":27}},{"start":{"line":87,"column":30},"end":{"line":87,"column":34}}]},"9":{"line":88,"type":"cond-expr","locations":[{"start":{"line":89,"column":4},"end":{"line":89,"column":17}},{"start":{"line":89,"column":20},"end":{"line":89,"column":21}}]},"10":{"line":92,"type":"binary-expr","locations":[{"start":{"line":92,"column":64},"end":{"line":92,"column":74}},{"start":{"line":92,"column":78},"end":{"line":92,"column":79}}]},"11":{"line":128,"type":"binary-expr","locations":[{"start":{"line":128,"column":11},"end":{"line":128,"column":18}},{"start":{"line":128,"column":22},"end":{"line":128,"column":24}}]},"12":{"line":130,"type":"cond-expr","locations":[{"start":{"line":131,"column":4},"end":{"line":131,"column":30}},{"start":{"line":131,"column":33},"end":{"line":131,"column":38}}]},"13":{"line":132,"type":"cond-expr","locations":[{"start":{"line":133,"column":4},"end":{"line":133,"column":27}},{"start":{"line":133,"column":30},"end":{"line":133,"column":34}}]},"14":{"line":159,"type":"cond-expr","locations":[{"start":{"line":159,"column":30},"end":{"line":159,"column":37}},{"start":{"line":159,"column":40},"end":{"line":159,"column":42}}]}},"code":["\"use strict\"","","var writeIEEE754 = require('./float_parser').writeIEEE754,","\treadIEEE754 = require('./float_parser').readIEEE754,","  Map = require('./map'),","\tLong = require('./long'),","  Double = require('./double'),","  Timestamp = require('./timestamp'),","  ObjectID = require('./objectid'),","  BSONRegExp = require('./regexp'),","  Symbol = require('./symbol'),","\tInt32 = require('./int_32'),","  Code = require('./code'),","\tDecimal128 = require('./decimal128'),","  MinKey = require('./min_key'),","  MaxKey = require('./max_key'),","  DBRef = require('./db_ref'),","  Binary = require('./binary');","","// Parts of the parser","var deserialize = require('./parser/deserializer'),","\tserializer = require('./parser/serializer'),","\tcalculateObjectSize = require('./parser/calculate_size');","","/**"," * @ignore"," * @api private"," */","// Max Size","var MAXSIZE = (1024*1024*17);","// Max Document Buffer size","var buffer = new Buffer(MAXSIZE);","","var BSON = function() {","}","","/**"," * Serialize a Javascript object."," *"," * @param {Object} object the Javascript object to serialize."," * @param {Boolean} [options.checkKeys] the serializer will check if keys are valid."," * @param {Boolean} [options.serializeFunctions=false] serialize the javascript functions **(default:false)**."," * @param {Boolean} [options.ignoreUndefined=true] ignore undefined fields **(default:true)**."," * @return {Buffer} returns the Buffer object containing the serialized object."," * @api public"," */","BSON.prototype.serialize = function serialize(object, options) {","\toptions = options || {};","\t// Unpack the options","\tvar checkKeys = typeof options.checkKeys == 'boolean'","\t\t? options.checkKeys : false;","\tvar serializeFunctions = typeof options.serializeFunctions == 'boolean'","\t\t? options.serializeFunctions : false;","\tvar ignoreUndefined = typeof options.ignoreUndefined == 'boolean'","\t\t? options.ignoreUndefined : true;","","\t// Attempt to serialize","\tvar serializationIndex = serializer(buffer, object, checkKeys, 0, 0, serializeFunctions, ignoreUndefined, []);","\t// Create the final buffer","\tvar finishedBuffer = new Buffer(serializationIndex);","\t// Copy into the finished buffer","\tbuffer.copy(finishedBuffer, 0, 0, finishedBuffer.length);","\t// Return the buffer","\treturn finishedBuffer;","}","","/**"," * Serialize a Javascript object using a predefined Buffer and index into the buffer, useful when pre-allocating the space for serialization."," *"," * @param {Object} object the Javascript object to serialize."," * @param {Buffer} buffer the Buffer you pre-allocated to store the serialized BSON object."," * @param {Boolean} [options.checkKeys] the serializer will check if keys are valid."," * @param {Boolean} [options.serializeFunctions=false] serialize the javascript functions **(default:false)**."," * @param {Boolean} [options.ignoreUndefined=true] ignore undefined fields **(default:true)**."," * @param {Number} [options.index] the index in the buffer where we wish to start serializing into."," * @return {Number} returns the index pointing to the last written byte in the buffer."," * @api public"," */","BSON.prototype.serializeWithBufferAndIndex = function(object, finalBuffer, options) {","\toptions = options || {};","\t// Unpack the options","\tvar checkKeys = typeof options.checkKeys == 'boolean'","\t\t? options.checkKeys : false;","\tvar serializeFunctions = typeof options.serializeFunctions == 'boolean'","\t\t? options.serializeFunctions : false;","\tvar ignoreUndefined = typeof options.ignoreUndefined == 'boolean'","\t\t? options.ignoreUndefined : true;","\tvar startIndex = typeof options.index == 'number'","\t\t? options.index : 0;","","\t// Attempt to serialize","\tvar serializationIndex = serializer(buffer, object, checkKeys, startIndex || 0, 0, serializeFunctions, ignoreUndefined);","\tbuffer.copy(finalBuffer, startIndex, 0, serializationIndex);","","\t// Return the index","\treturn serializationIndex - 1;","}","","/**"," * Deserialize data as BSON."," *"," * @param {Buffer} buffer the buffer containing the serialized set of BSON documents."," * @param {Object} [options.evalFunctions=false] evaluate functions in the BSON document scoped to the object deserialized."," * @param {Object} [options.cacheFunctions=false] cache evaluated functions for reuse."," * @param {Object} [options.cacheFunctionsCrc32=false] use a crc32 code for caching, otherwise use the string of the function."," * @param {Object} [options.promoteLongs=true] when deserializing a Long will fit it into a Number if it's smaller than 53 bits"," * @param {Object} [options.promoteBuffers=false] when deserializing a Binary will return it as a node.js Buffer instance."," * @param {Object} [options.promoteValues=false] when deserializing will promote BSON values to their Node.js closest equivalent types."," * @param {Object} [options.fieldsAsRaw=null] allow to specify if there what fields we wish to return as unserialized raw buffer."," * @param {Object} [options.bsonRegExp=false] return BSON regular expressions as BSONRegExp instances."," * @return {Object} returns the deserialized Javascript Object."," * @api public"," */","BSON.prototype.deserialize = function(buffer, options) {","  return deserialize(buffer, options);","}","","/**"," * Calculate the bson size for a passed in Javascript object."," *"," * @param {Object} object the Javascript object to calculate the BSON byte size for."," * @param {Boolean} [options.serializeFunctions=false] serialize the javascript functions **(default:false)**."," * @param {Boolean} [options.ignoreUndefined=true] ignore undefined fields **(default:true)**."," * @return {Number} returns the number of bytes the BSON object will take up."," * @api public"," */","BSON.prototype.calculateObjectSize = function(object, options) {","\toptions = options || {};","","\tvar serializeFunctions = typeof options.serializeFunctions == 'boolean'","\t\t? options.serializeFunctions : false;","\tvar ignoreUndefined = typeof options.ignoreUndefined == 'boolean'","\t\t? options.ignoreUndefined : true;","","  return calculateObjectSize(object, serializeFunctions, ignoreUndefined);","}","","/**"," * Deserialize stream data as BSON documents."," *"," * @param {Buffer} data the buffer containing the serialized set of BSON documents."," * @param {Number} startIndex the start index in the data Buffer where the deserialization is to start."," * @param {Number} numberOfDocuments number of documents to deserialize."," * @param {Array} documents an array where to store the deserialized documents."," * @param {Number} docStartIndex the index in the documents array from where to start inserting documents."," * @param {Object} [options] additional options used for the deserialization."," * @param {Object} [options.evalFunctions=false] evaluate functions in the BSON document scoped to the object deserialized."," * @param {Object} [options.cacheFunctions=false] cache evaluated functions for reuse."," * @param {Object} [options.cacheFunctionsCrc32=false] use a crc32 code for caching, otherwise use the string of the function."," * @param {Object} [options.promoteLongs=true] when deserializing a Long will fit it into a Number if it's smaller than 53 bits"," * @param {Object} [options.promoteBuffers=false] when deserializing a Binary will return it as a node.js Buffer instance."," * @param {Object} [options.promoteValues=false] when deserializing will promote BSON values to their Node.js closest equivalent types."," * @param {Object} [options.fieldsAsRaw=null] allow to specify if there what fields we wish to return as unserialized raw buffer."," * @param {Object} [options.bsonRegExp=false] return BSON regular expressions as BSONRegExp instances."," * @return {Number} returns the next index in the buffer after deserialization **x** numbers of documents."," * @api public"," */","BSON.prototype.deserializeStream = function(data, startIndex, numberOfDocuments, documents, docStartIndex, options) {","  options = options != null ? options : {};","  var index = startIndex;","  // Loop over all documents","  for(var i = 0; i < numberOfDocuments; i++) {","    // Find size of the document","    var size = data[index] | data[index + 1] << 8 | data[index + 2] << 16 | data[index + 3] << 24;","    // Update options with index","    options['index'] = index;","    // Parse the document at this point","    documents[docStartIndex + i] = this.deserialize(data, options);","    // Adjust index by the document size","    index = index + size;","  }","","  // Return object containing end index of parsing and list of documents","  return index;","}","","/**"," * @ignore"," * @api private"," */","// BSON MAX VALUES","BSON.BSON_INT32_MAX = 0x7FFFFFFF;","BSON.BSON_INT32_MIN = -0x80000000;","","BSON.BSON_INT64_MAX = Math.pow(2, 63) - 1;","BSON.BSON_INT64_MIN = -Math.pow(2, 63);","","// JS MAX PRECISE VALUES","BSON.JS_INT_MAX = 0x20000000000000;  // Any integer up to 2^53 can be precisely represented by a double.","BSON.JS_INT_MIN = -0x20000000000000;  // Any integer down to -2^53 can be precisely represented by a double.","","// Internal long versions","var JS_INT_MAX_LONG = Long.fromNumber(0x20000000000000);  // Any integer up to 2^53 can be precisely represented by a double.","var JS_INT_MIN_LONG = Long.fromNumber(-0x20000000000000);  // Any integer down to -2^53 can be precisely represented by a double.","","/**"," * Number BSON Type"," *"," * @classconstant BSON_DATA_NUMBER"," **/","BSON.BSON_DATA_NUMBER = 1;","/**"," * String BSON Type"," *"," * @classconstant BSON_DATA_STRING"," **/","BSON.BSON_DATA_STRING = 2;","/**"," * Object BSON Type"," *"," * @classconstant BSON_DATA_OBJECT"," **/","BSON.BSON_DATA_OBJECT = 3;","/**"," * Array BSON Type"," *"," * @classconstant BSON_DATA_ARRAY"," **/","BSON.BSON_DATA_ARRAY = 4;","/**"," * Binary BSON Type"," *"," * @classconstant BSON_DATA_BINARY"," **/","BSON.BSON_DATA_BINARY = 5;","/**"," * ObjectID BSON Type"," *"," * @classconstant BSON_DATA_OID"," **/","BSON.BSON_DATA_OID = 7;","/**"," * Boolean BSON Type"," *"," * @classconstant BSON_DATA_BOOLEAN"," **/","BSON.BSON_DATA_BOOLEAN = 8;","/**"," * Date BSON Type"," *"," * @classconstant BSON_DATA_DATE"," **/","BSON.BSON_DATA_DATE = 9;","/**"," * null BSON Type"," *"," * @classconstant BSON_DATA_NULL"," **/","BSON.BSON_DATA_NULL = 10;","/**"," * RegExp BSON Type"," *"," * @classconstant BSON_DATA_REGEXP"," **/","BSON.BSON_DATA_REGEXP = 11;","/**"," * Code BSON Type"," *"," * @classconstant BSON_DATA_CODE"," **/","BSON.BSON_DATA_CODE = 13;","/**"," * Symbol BSON Type"," *"," * @classconstant BSON_DATA_SYMBOL"," **/","BSON.BSON_DATA_SYMBOL = 14;","/**"," * Code with Scope BSON Type"," *"," * @classconstant BSON_DATA_CODE_W_SCOPE"," **/","BSON.BSON_DATA_CODE_W_SCOPE = 15;","/**"," * 32 bit Integer BSON Type"," *"," * @classconstant BSON_DATA_INT"," **/","BSON.BSON_DATA_INT = 16;","/**"," * Timestamp BSON Type"," *"," * @classconstant BSON_DATA_TIMESTAMP"," **/","BSON.BSON_DATA_TIMESTAMP = 17;","/**"," * Long BSON Type"," *"," * @classconstant BSON_DATA_LONG"," **/","BSON.BSON_DATA_LONG = 18;","/**"," * MinKey BSON Type"," *"," * @classconstant BSON_DATA_MIN_KEY"," **/","BSON.BSON_DATA_MIN_KEY = 0xff;","/**"," * MaxKey BSON Type"," *"," * @classconstant BSON_DATA_MAX_KEY"," **/","BSON.BSON_DATA_MAX_KEY = 0x7f;","","/**"," * Binary Default Type"," *"," * @classconstant BSON_BINARY_SUBTYPE_DEFAULT"," **/","BSON.BSON_BINARY_SUBTYPE_DEFAULT = 0;","/**"," * Binary Function Type"," *"," * @classconstant BSON_BINARY_SUBTYPE_FUNCTION"," **/","BSON.BSON_BINARY_SUBTYPE_FUNCTION = 1;","/**"," * Binary Byte Array Type"," *"," * @classconstant BSON_BINARY_SUBTYPE_BYTE_ARRAY"," **/","BSON.BSON_BINARY_SUBTYPE_BYTE_ARRAY = 2;","/**"," * Binary UUID Type"," *"," * @classconstant BSON_BINARY_SUBTYPE_UUID"," **/","BSON.BSON_BINARY_SUBTYPE_UUID = 3;","/**"," * Binary MD5 Type"," *"," * @classconstant BSON_BINARY_SUBTYPE_MD5"," **/","BSON.BSON_BINARY_SUBTYPE_MD5 = 4;","/**"," * Binary User Defined Type"," *"," * @classconstant BSON_BINARY_SUBTYPE_USER_DEFINED"," **/","BSON.BSON_BINARY_SUBTYPE_USER_DEFINED = 128;","","// Return BSON","module.exports = BSON;","module.exports.Code = Code;","module.exports.Map = Map;","module.exports.Symbol = Symbol;","module.exports.BSON = BSON;","module.exports.DBRef = DBRef;","module.exports.Binary = Binary;","module.exports.ObjectID = ObjectID;","module.exports.Long = Long;","module.exports.Timestamp = Timestamp;","module.exports.Double = Double;","module.exports.Int32 = Int32;","module.exports.MinKey = MinKey;","module.exports.MaxKey = MaxKey;","module.exports.BSONRegExp = BSONRegExp;","module.exports.Decimal128 = Decimal128;",""],"l":{"3":1,"21":1,"30":1,"32":1,"34":1,"47":1,"48":0,"50":0,"52":0,"54":0,"58":0,"60":0,"62":0,"64":0,"79":1,"80":0,"82":0,"84":0,"86":0,"88":0,"92":0,"93":0,"96":0,"114":1,"115":0,"127":1,"128":0,"130":0,"132":0,"135":0,"158":1,"159":0,"160":0,"162":0,"164":0,"166":0,"168":0,"170":0,"174":0,"182":1,"183":1,"185":1,"186":1,"189":1,"190":1,"193":1,"194":1,"201":1,"207":1,"213":1,"219":1,"225":1,"231":1,"237":1,"243":1,"249":1,"255":1,"261":1,"267":1,"273":1,"279":1,"285":1,"291":1,"297":1,"303":1,"310":1,"316":1,"322":1,"328":1,"334":1,"340":1,"343":1,"344":1,"345":1,"346":1,"347":1,"348":1,"349":1,"350":1,"351":1,"352":1,"353":1,"354":1,"355":1,"356":1,"357":1,"358":1}},"/home/travis/build/npmtest/node-npmtest-bson/node_modules/bson/lib/bson/float_parser.js":{"path":"/home/travis/build/npmtest/node-npmtest-bson/node_modules/bson/lib/bson/float_parser.js","s":{"1":1,"2":0,"3":0,"4":0,"5":0,"6":0,"7":0,"8":0,"9":0,"10":0,"11":0,"12":0,"13":0,"14":0,"15":0,"16":0,"17":0,"18":0,"19":1,"20":0,"21":0,"22":0,"23":0,"24":0,"25":0,"26":0,"27":0,"28":0,"29":0,"30":0,"31":0,"32":0,"33":0,"34":0,"35":0,"36":0,"37":0,"38":0,"39":0,"40":0,"41":0,"42":0,"43":0,"44":0,"45":0,"46":0,"47":0,"48":1,"49":1},"b":{"1":[0,0],"2":[0,0],"3":[0,0],"4":[0,0],"5":[0,0],"6":[0,0],"7":[0,0],"8":[0,0],"9":[0,0],"10":[0,0],"11":[0,0],"12":[0,0,0],"13":[0,0],"14":[0,0],"15":[0,0],"16":[0,0],"17":[0,0],"18":[0,0],"19":[0,0],"20":[0,0]},"f":{"1":0,"2":0},"fnMap":{"1":{"name":"(anonymous_1)","line":33,"loc":{"start":{"line":33,"column":18},"end":{"line":33,"column":65}}},"2":{"name":"(anonymous_2)","line":67,"loc":{"start":{"line":67,"column":19},"end":{"line":67,"column":73}}}},"statementMap":{"1":{"start":{"line":33,"column":0},"end":{"line":65,"column":2}},"2":{"start":{"line":34,"column":2},"end":{"line":42,"column":29}},"3":{"start":{"line":44,"column":2},"end":{"line":44,"column":9}},"4":{"start":{"line":46,"column":2},"end":{"line":46,"column":32}},"5":{"start":{"line":47,"column":2},"end":{"line":47,"column":17}},"6":{"start":{"line":48,"column":2},"end":{"line":48,"column":16}},"7":{"start":{"line":49,"column":2},"end":{"line":49,"column":74}},"8":{"start":{"line":51,"column":2},"end":{"line":51,"column":32}},"9":{"start":{"line":52,"column":2},"end":{"line":52,"column":17}},"10":{"start":{"line":53,"column":2},"end":{"line":53,"column":16}},"11":{"start":{"line":54,"column":2},"end":{"line":54,"column":74}},"12":{"start":{"line":56,"column":2},"end":{"line":63,"column":3}},"13":{"start":{"line":57,"column":4},"end":{"line":57,"column":18}},"14":{"start":{"line":58,"column":9},"end":{"line":63,"column":3}},"15":{"start":{"line":59,"column":4},"end":{"line":59,"column":47}},"16":{"start":{"line":61,"column":4},"end":{"line":61,"column":30}},"17":{"start":{"line":62,"column":4},"end":{"line":62,"column":18}},"18":{"start":{"line":64,"column":2},"end":{"line":64,"column":50}},"19":{"start":{"line":67,"column":0},"end":{"line":118,"column":2}},"20":{"start":{"line":68,"column":2},"end":{"line":76,"column":62}},"21":{"start":{"line":78,"column":2},"end":{"line":78,"column":26}},"22":{"start":{"line":80,"column":2},"end":{"line":109,"column":3}},"23":{"start":{"line":81,"column":4},"end":{"line":81,"column":29}},"24":{"start":{"line":82,"column":4},"end":{"line":82,"column":13}},"25":{"start":{"line":84,"column":4},"end":{"line":84,"column":47}},"26":{"start":{"line":85,"column":4},"end":{"line":88,"column":5}},"27":{"start":{"
[...]
n":72}}]},"14":{"line":69,"type":"if","locations":[{"start":{"line":69,"column":6},"end":{"line":69,"column":6}},{"start":{"line":69,"column":6},"end":{"line":69,"column":6}}]},"15":{"line":69,"type":"binary-expr","locations":[{"start":{"line":69,"column":9},"end":{"line":69,"column":16}},{"start":{"line":69,"column":20},"end":{"line":69,"column":36}}]},"16":{"line":69,"type":"cond-expr","locations":[{"start":{"line":69,"column":62},"end":{"line":69,"column":97}},{"start":{"line":69,"column":101},"end":{"line":69,"column":102}}]},"17":{"line":72,"type":"cond-expr","locations":[{"start":{"line":72,"column":30},"end":{"line":72,"column":65}},{"start":{"line":72,"column":69},"end":{"line":72,"column":70}}]},"18":{"line":74,"type":"if","locations":[{"start":{"line":74,"column":6},"end":{"line":74,"column":6}},{"start":{"line":74,"column":6},"end":{"line":74,"column":6}}]},"19":{"line":74,"type":"binary-expr","locations":[{"start":{"line":74,"column":9},"end":{"line":74,"column":22}},{"start":{"line":74,"column":26},"end":{"line":74,"column":49}},{"start":{"line":74,"column":53},"end":{"line":74,"column":76}},{"start":{"line":74,"column":80},"end":{"line":74,"column":110}},{"start":{"line":74,"column":114},"end":{"line":74,"column":144}}]},"20":{"line":75,"type":"cond-expr","locations":[{"start":{"line":75,"column":32},"end":{"line":75,"column":67}},{"start":{"line":75,"column":71},"end":{"line":75,"column":72}}]},"21":{"line":76,"type":"if","locations":[{"start":{"line":76,"column":13},"end":{"line":76,"column":13}},{"start":{"line":76,"column":13},"end":{"line":76,"column":13}}]},"22":{"line":76,"type":"binary-expr","locations":[{"start":{"line":76,"column":16},"end":{"line":76,"column":41}},{"start":{"line":76,"column":45},"end":{"line":76,"column":77}}]},"23":{"line":77,"type":"cond-expr","locations":[{"start":{"line":77,"column":32},"end":{"line":77,"column":67}},{"start":{"line":77,"column":71},"end":{"line":77,"column":72}}]},"24":{"line":78,"type":"if","locations":[{"start":{"line":78,"column":13},"end":{"line":78,"column":13}},{"start":{"line":78,"column":13},"end":{"line":78,"column":13}}]},"25":{"line":78,"type":"binary-expr","locations":[{"start":{"line":78,"column":16},"end":{"line":78,"column":37}},{"start":{"line":78,"column":41},"end":{"line":78,"column":54}}]},"26":{"line":79,"type":"cond-expr","locations":[{"start":{"line":79,"column":32},"end":{"line":79,"column":67}},{"start":{"line":79,"column":71},"end":{"line":79,"column":72}}]},"27":{"line":80,"type":"if","locations":[{"start":{"line":80,"column":13},"end":{"line":80,"column":13}},{"start":{"line":80,"column":13},"end":{"line":80,"column":13}}]},"28":{"line":80,"type":"binary-expr","locations":[{"start":{"line":80,"column":16},"end":{"line":80,"column":45}},{"start":{"line":80,"column":49},"end":{"line":80,"column":71}}]},"29":{"line":81,"type":"cond-expr","locations":[{"start":{"line":81,"column":32},"end":{"line":81,"column":67}},{"start":{"line":81,"column":71},"end":{"line":81,"column":72}}]},"30":{"line":82,"type":"if","locations":[{"start":{"line":82,"column":13},"end":{"line":82,"column":13}},{"start":{"line":82,"column":13},"end":{"line":82,"column":13}}]},"31":{"line":82,"type":"binary-expr","locations":[{"start":{"line":82,"column":16},"end":{"line":82,"column":37}},{"start":{"line":82,"column":41},"end":{"line":82,"column":64}},{"start":{"line":82,"column":68},"end":{"line":82,"column":94}},{"start":{"line":83,"column":13},"end":{"line":83,"column":41}},{"start":{"line":83,"column":45},"end":{"line":83,"column":75}},{"start":{"line":83,"column":79},"end":{"line":83,"column":112}}]},"32":{"line":84,"type":"cond-expr","locations":[{"start":{"line":84,"column":32},"end":{"line":84,"column":67}},{"start":{"line":84,"column":71},"end":{"line":84,"column":72}}]},"33":{"line":85,"type":"if","locations":[{"start":{"line":85,"column":10},"end":{"line":85,"column":10}},{"start":{"line":85,"column":10},"end":{"line":85,"column":10}}]},"34":{"line":85,"type":"binary-expr","locations":[{"start":{"line":85,"column":13},"end":{"line":85,"column":40}},{"start":{"line":85,"column":44},"end":{"line":85,"column":78}}]},"35":{"line":86,"type":"cond-expr","locations":[{"start":{"line":86,"column":32},"end":{"line":86,"column":67}},{"start":{"line":86,"column":71},"end":{"line":86,"column":72}}]},"36":{"line":87,"type":"if","locations":[{"start":{"line":87,"column":13},"end":{"line":87,"column":13}},{"start":{"line":87,"column":13},"end":{"line":87,"column":13}}]},"37":{"line":87,"type":"binary-expr","locations":[{"start":{"line":87,"column":16},"end":{"line":87,"column":37}},{"start":{"line":87,"column":41},"end":{"line":87,"column":69}}]},"38":{"line":89,"type":"if","locations":[{"start":{"line":89,"column":8},"end":{"line":89,"column":8}},{"start":{"line":89,"column":8},"end":{"line":89,"column":8}}]},"39":{"line":89,"type":"binary-expr","locations":[{"start":{"line":89,"column":11},"end":{"line":89,"column":30}},{"start":{"line":89,"column":34},"end":{"line":89,"column":69}}]},"40":{"line":90,"type":"cond-expr","locations":[{"start":{"line":90,"column":34},"end":{"line":90,"column":69}},{"start":{"line":90,"column":73},"end":{"line":90,"column":74}}]},"41":{"line":92,"type":"cond-expr","locations":[{"start":{"line":92,"column":34},"end":{"line":92,"column":69}},{"start":{"line":92,"column":73},"end":{"line":92,"column":74}}]},"42":{"line":94,"type":"if","locations":[{"start":{"line":94,"column":13},"end":{"line":94,"column":13}},{"start":{"line":94,"column":13},"end":{"line":94,"column":13}}]},"43":{"line":94,"type":"binary-expr","locations":[{"start":{"line":94,"column":16},"end":{"line":94,"column":39}},{"start":{"line":94,"column":43},"end":{"line":94,"column":73}}]},"44":{"line":96,"type":"if","locations":[{"start":{"line":96,"column":8},"end":{"line":96,"column":8}},{"start":{"line":96,"column":8},"end":{"line":96,"column":8}}]},"45":{"line":97,"type":"cond-expr","locations":[{"start":{"line":97,"column":34},"end":{"line":97,"column":69}},{"start":{"line":97,"column":73},"end":{"line":97,"column":74}}]},"46":{"line":99,"type":"cond-expr","locations":[{"start":{"line":99,"column":34},"end":{"line":99,"column":69}},{"start":{"line":99,"column":73},"end":{"line":99,"column":74}}]},"47":{"line":101,"type":"if","locations":[{"start":{"line":101,"column":13},"end":{"line":101,"column":13}},{"start":{"line":101,"column":13},"end":{"line":101,"column":13}}]},"48":{"line":101,"type":"binary-expr","locations":[{"start":{"line":101,"column":16},"end":{"line":101,"column":39}},{"start":{"line":101,"column":43},"end":{"line":101,"column":73}}]},"49":{"line":102,"type":"cond-expr","locations":[{"start":{"line":102,"column":32},"end":{"line":102,"column":67}},{"start":{"line":102,"column":71},"end":{"line":102,"column":72}}]},"50":{"line":103,"type":"if","locations":[{"start":{"line":103,"column":13},"end":{"line":103,"column":13}},{"start":{"line":103,"column":13},"end":{"line":103,"column":13}}]},"51":{"line":103,"type":"binary-expr","locations":[{"start":{"line":103,"column":16},"end":{"line":103,"column":38}},{"start":{"line":103,"column":42},"end":{"line":103,"column":71}}]},"52":{"line":111,"type":"if","locations":[{"start":{"line":111,"column":8},"end":{"line":111,"column":8}},{"start":{"line":111,"column":8},"end":{"line":111,"column":8}}]},"53":{"line":115,"type":"cond-expr","locations":[{"start":{"line":115,"column":32},"end":{"line":115,"column":67}},{"start":{"line":115,"column":71},"end":{"line":115,"column":72}}]},"54":{"line":116,"type":"if","locations":[{"start":{"line":116,"column":13},"end":{"line":116,"column":13}},{"start":{"line":116,"column":13},"end":{"line":116,"column":13}}]},"55":{"line":116,"type":"binary-expr","locations":[{"start":{"line":116,"column":16},"end":{"line":116,"column":39}},{"start":{"line":116,"column":43},"end":{"line":116,"column":102}}]},"56":{"line":117,"type":"cond-expr","locations":[{"start":{"line":117,"column":34},"end":{"line":117,"column":69}},{"start":{"line":117,"column":73},"end":{"line":117,"column":74}}]},"57":{"line":118,"type":"cond-expr","locations":[{"start":{"line":118,"column":30},"end":{"line":118,"column":31}},{"start":{"line":118,"column":34},"end":{"line":118,"column":35}}]},"58":{"line":118,"type":"cond-expr","locations":[{"start":{"line":118,"column":59},"end":{"line":118,"column":60}},{"start":{"line":118,"column":63},"end":{"line":118,"column":64}}]},"59":{"line":118,"type":"cond-expr","locations":[{"start":{"line":118,"column":87},"end":{"line":118,"column":88}},{"start":{"line":118,"column":91},"end":{"line":118,"column":92}}]},"60":{"line":119,"type":"if","locations":[{"start":{"line":119,"column":13},"end":{"line":119,"column":13}},{"start":{"line":119,"column":13},"end":{"line":119,"column":13}}]},"61":{"line":119,"type":"binary-expr","locations":[{"start":{"line":119,"column":16},"end":{"line":119,"column":43}},{"start":{"line":119,"column":47},"end":{"line":119,"column":81}}]},"62":{"line":120,"type":"cond-expr","locations":[{"start":{"line":120,"column":34},"end":{"line":120,"column":69}},{"start":{"line":120,"column":73},"end":{"line":120,"column":74}}]},"63":{"line":123,"type":"cond-expr","locations":[{"start":{"line":123,"column":32},"end":{"line":123,"column":67}},{"start":{"line":123,"column":71},"end":{"line":123,"column":72}}]},"64":{"line":127,"type":"if","locations":[{"start":{"line":127,"column":6},"end":{"line":127,"column":6}},{"start":{"line":127,"column":6},"end":{"line":127,"column":6}}]},"65":{"line":127,"type":"binary-expr","locations":[{"start":{"line":127,"column":9},"end":{"line":127,"column":32}},{"start":{"line":127,"column":36},"end":{"line":127,"column":95}},{"start":{"line":127,"column":99},"end":{"line":127,"column":138}}]},"66":{"line":128,"type":"cond-expr","locations":[{"start":{"line":128,"column":32},"end":{"line":128,"column":67}},{"start":{"line":128,"column":71},"end":{"line":128,"column":72}}]},"67":{"line":129,"type":"cond-expr","locations":[{"start":{"line":129,"column":28},"end":{"line":129,"column":29}},{"start":{"line":129,"column":32},"end":{"line":129,"column":33}}]},"68":{"line":129,"type":"cond-expr","locations":[{"start":{"line":129,"column":57},"end":{"line":129,"column":58}},{"start":{"line":129,"column":61},"end":{"line":129,"column":62}}]},"69":{"line":129,"type":"cond-expr","locations":[{"start":{"line":129,"column":85},"end":{"line":129,"column":86}},{"start":{"line":129,"column":89},"end":{"line":129,"column":90}}]},"70":{"line":131,"type":"if","locations":[{"start":{"line":131,"column":8},"end":{"line":131,"column":8}},{"start":{"line":131,"column":8},"end":{"line":131,"column":8}}]},"71":{"line":131,"type":"binary-expr","locations":[{"start":{"line":131,"column":11},"end":{"line":131,"column":29}},{"start":{"line":131,"column":33},"end":{"line":131,"column":52}},{"start":{"line":131,"column":56},"end":{"line":131,"column":91}}]},"72":{"line":132,"type":"cond-expr","locations":[{"start":{"line":132,"column":34},"end":{"line":132,"column":69}},{"start":{"line":132,"column":73},"end":{"line":132,"column":74}}]},"73":{"line":133,"type":"if","locations":[{"start":{"line":133,"column":15},"end":{"line":133,"column":15}},{"start":{"line":133,"column":15},"end":{"line":133,"column":15}}]},"74":{"line":134,"type":"cond-expr","locations":[{"start":{"line":134,"column":34},"end":{"line":134,"column":69}},{"start":{"line":134,"column":73},"end":{"line":134,"column":74}}]}},"code":["\"use strict\"","","var writeIEEE754 = require('../float_parser').writeIEEE754","\t, readIEEE754 = require('../float_parser').readIEEE754","\t, Long = require('../long').Long","  , Double = require('../double').Double","  , Timestamp = require('../timestamp').Timestamp","  , ObjectID = require('../objectid').ObjectID","  , Symbol = require('../symbol').Symbol","  , BSONRegExp = require('../regexp').BSONRegExp","  , Code = require('../code').Code","\t, Decimal128 = require('../decimal128')","  , MinKey = require('../min_key').MinKey","  , MaxKey = require('../max_key').MaxKey","  , DBRef = require('../db_ref').DBRef","  , Binary = require('../binary').Binary;","","// To ensure that 0.4 of node works correctly","var isDate = function isDate(d) {","  return typeof d === 'object' && Object.prototype.toString.call(d) === '[object Date]';","}","","var calculateObjectSize = function calculateObjectSize(object, serializeFunctions, ignoreUndefined) {","  var totalLength = (4 + 1);","","  if(Array.isArray(object)) {","    for(var i = 0; i < object.length; i++) {","      totalLength += calculateElement(i.toString(), object[i], serializeFunctions, true, ignoreUndefined)","    }","  } else {","\t\t// If we have toBSON defined, override the current object","\t\tif(object.toBSON) {","\t\t\tobject = object.toBSON();","\t\t}","","\t\t// Calculate size","    for(var key in object) {","      totalLength += calculateElement(key, object[key], serializeFunctions, false, ignoreUndefined)","    }","  }","","  return totalLength;","}","","/**"," * @ignore"," * @api private"," */","function calculateElement(name, value, serializeFunctions, isArray, ignoreUndefined) {","\t// If we have toBSON defined, override the current object","  if(value && value.toBSON){","    value = value.toBSON();","  }","","  switch(typeof value) {","    case 'string':","      return 1 + Buffer.byteLength(name, 'utf8') + 1 + 4 + Buffer.byteLength(value, 'utf8') + 1;","    case 'number':","      if(Math.floor(value) === value && value >= BSON.JS_INT_MIN && value <= BSON.JS_INT_MAX) {","        if(value >= BSON.BSON_INT32_MIN && value <= BSON.BSON_INT32_MAX) { // 32 bit","          return (name != null ? (Buffer.byteLength(name, 'utf8') + 1) : 0) + (4 + 1);","        } else {","          return (name != null ? (Buffer.byteLength(name, 'utf8') + 1) : 0) + (8 + 1);","        }","      } else {  // 64 bit","        return (name != null ? (Buffer.byteLength(name, 'utf8') + 1) : 0) + (8 + 1);","      }","    case 'undefined':","      if(isArray || !ignoreUndefined) return (name != null ? (Buffer.byteLength(name, 'utf8') + 1) : 0) + (1);","      return 0;","    case 'boolean':","      return (name != null ? (Buffer.byteLength(name, 'utf8') + 1) : 0) + (1 + 1);","    case 'object':","      if(value == null || value instanceof MinKey || value instanceof MaxKey || value['_bsontype'] == 'MinKey' || value['_bsontype'] == 'MaxKey') {","        return (name != null ? (Buffer.byteLength(name, 'utf8') + 1) : 0) + (1);","      } else if(value instanceof ObjectID || value['_bsontype'] == 'ObjectID') {","        return (name != null ? (Buffer.byteLength(name, 'utf8') + 1) : 0) + (12 + 1);","      } else if(value instanceof Date || isDate(value)) {","        return (name != null ? (Buffer.byteLength(name, 'utf8') + 1) : 0) + (8 + 1);","      } else if(typeof Buffer !== 'undefined' && Buffer.isBuffer(value)) {","        return (name != null ? (Buffer.byteLength(name, 'utf8') + 1) : 0) + (1 + 4 + 1) + value.length;","      } else if(value instanceof Long || value instanceof Double || value instanceof Timestamp","          || value['_bsontype'] == 'Long' || value['_bsontype'] == 'Double' || value['_bsontype'] == 'Timestamp') {","        return (name != null ? (Buffer.byteLength(name, 'utf8') + 1) : 0) + (8 + 1);","\t\t\t} else if(value instanceof Decimal128 || value['_bsontype'] == 'Decimal128') {","        return (name != null ? (Buffer.byteLength(name, 'utf8') + 1) : 0) + (16 + 1);","      } else if(value instanceof Code || value['_bsontype'] == 'Code') {","        // Calculate size depending on the availability of a scope","        if(value.scope != null && Object.keys(value.scope).length > 0) {","          return (name != null ? (Buffer.byteLength(name, 'utf8') + 1) : 0) + 1 + 4 + 4 + Buffer.byteLength(value.code.toString(), 'utf8') + 1 + calculateObjectSize(value.scope, serializeFunctions, ignoreUndefined);","        } else {","          return (name != null ? (Buffer.byteLength(name, 'utf8') + 1) : 0) + 1 + 4 + Buffer.byteLength(value.code.toString(), 'utf8') + 1;","        }","      } else if(value instanceof Binary || value['_bsontype'] == 'Binary') {","        // Check what kind of subtype we have","        if(value.sub_type == Binary.SUBTYPE_BYTE_ARRAY) {","          return (name != null ? (Buffer.byteLength(name, 'utf8') + 1) : 0) + (value.position + 1 + 4 + 1 + 4);","        } else {","          return (name != null ? (Buffer.byteLength(name, 'utf8') + 1) : 0) + (value.position + 1 + 4 + 1);","        }","      } else if(value instanceof Symbol || value['_bsontype'] == 'Symbol') {","        return (name != null ? (Buffer.byteLength(name, 'utf8') + 1) : 0) + Buffer.byteLength(value.value, 'utf8') + 4 + 1 + 1;","      } else if(value instanceof DBRef || value['_bsontype'] == 'DBRef') {","        // Set up correct object for serialization","        var ordered_values = {","            '$ref': value.namespace","          , '$id' : value.oid","        };","","        // Add db reference if it exists","        if(null != value.db) {","          ordered_values['$db'] = value.db;","        }","","        return (name != null ? (Buffer.byteLength(name, 'utf8') + 1) : 0) + 1 + calculateObjectSize(ordered_values, serializeFunctions, ignoreUndefined);","      } else if(value instanceof RegExp || Object.prototype.toString.call(value) === '[object RegExp]') {","          return (name != null ? (Buffer.byteLength(name, 'utf8') + 1) : 0) + 1 + Buffer.byteLength(value.source, 'utf8') + 1","            + (value.global ? 1 : 0) + (value.ignoreCase ? 1 : 0) + (value.multiline ? 1 : 0) + 1","      } else if(value instanceof BSONRegExp || value['_bsontype'] == 'BSONRegExp') {","          return (name != null ? (Buffer.byteLength(name, 'utf8') + 1) : 0) + 1 + Buffer.byteLength(value.pattern, 'utf8') + 1","            + Buffer.byteLength(value.options, 'utf8') + 1","      } else {","        return (name != null ? (Buffer.byteLength(name, 'utf8') + 1) : 0) + calculateObjectSize(value, serializeFunctions, ignoreUndefined) + 1;","      }","    case 'function':","      // WTF for 0.4.X where typeof /someregexp/ === 'function'","      if(value instanceof RegExp || Object.prototype.toString.call(value) === '[object RegExp]' || String.call(value) == '[object RegExp]') {","        return (name != null ? (Buffer.byteLength(name, 'utf8') + 1) : 0) + 1 + Buffer.byteLength(value.source, 'utf8') + 1","          + (value.global ? 1 : 0) + (value.ignoreCase ? 1 : 0) + (value.multiline ? 1 : 0) + 1","      } else {","        if(serializeFunctions && value.scope != null && Object.keys(value.scope).length > 0) {","          return (name != null ? (Buffer.byteLength(name, 'utf8') + 1) : 0) + 1 + 4 + 4 + Buffer.byteLength(value.toString(), 'utf8') + 1 + calculateObjectSize(value.scope, serializeFunctions, ignoreUndefined);","        } else if(serializeFunctions) {","          return (name != null ? (Buffer.byteLength(name, 'utf8') + 1) : 0) + 1 + 4 + Buffer.byteLength(value.toString(), 'utf8') + 1;","        }","      }","  }","","  return 0;","}","","var BSON = {};","","// BSON MAX VALUES","BSON.BSON_INT32_MAX = 0x7FFFFFFF;","BSON.BSON_INT32_MIN = -0x80000000;","","// JS MAX PRECISE VALUES","BSON.JS_INT_MAX = 0x20000000000000;  // Any integer up to 2^53 can be precisely represented by a double.","BSON.JS_INT_MIN = -0x20000000000000;  // Any integer down to -2^53 can be precisely represented by a double.","","module.exports = calculateObjectSize;",""],"l":{"3":1,"19":1,"20":0,"23":1,"24":0,"26":0,"27":0,"28":0,"32":0,"33":0,"37":0,"38":0,"42":0,"49":1,"51":0,"52":0,"55":0,"57":0,"59":0,"60":0,"61":0,"63":0,"66":0,"69":0,"70":0,"72":0,"74":0,"75":0,"76":0,"77":0,"78":0,"79":0,"80":0,"81":0,"82":0,"84":0,"85":0,"86":0,"87":0,"89":0,"90":0,"92":0,"94":0,"96":0,"97":0,"99":0,"101":0,"102":0,"103":0,"105":0,"111":0,"112":0,"115":0,"116":0,"117":0,"119":0,"120":0,"123":0,"127":0,"128":0,"131":0,"132":0,"133":0,"134":0,"139":0,"142":1,"145":1,"146":1,"149":1,"150":1,"152":1}}}